ARM GAS  /tmp/ccSJpNz3.s 			page 1


   1              		.cpu cortex-m4
   2              		.eabi_attribute 20, 1
   3              		.eabi_attribute 21, 1
   4              		.eabi_attribute 23, 3
   5              		.eabi_attribute 24, 1
   6              		.eabi_attribute 25, 1
   7              		.eabi_attribute 26, 1
   8              		.eabi_attribute 30, 2
   9              		.eabi_attribute 34, 1
  10              		.eabi_attribute 18, 4
  11              		.file	"chtrace.c"
  12              		.file 1 "/home/antodom/installations/ChibiStudio/tools/GNU Tools ARM Embedded/8.3.1 2019q3/lib/gcc
  13              		.file 2 "/home/antodom/installations/ChibiStudio/tools/GNU Tools ARM Embedded/8.3.1 2019q3/arm-non
  14              		.file 3 "/home/antodom/installations/ChibiStudio/tools/GNU Tools ARM Embedded/8.3.1 2019q3/arm-non
  15              		.file 4 "/home/antodom/installations/ChibiStudio/chibios_stable-19.1.x/os/common/ports/ARMCMx/comp
  16              		.file 5 "/home/antodom/installations/ChibiStudio/chibios_stable-19.1.x/os/rt/include/chsystypes.h"
  17              		.file 6 "/home/antodom/installations/ChibiStudio/chibios_stable-19.1.x/os/rt/include/chschd.h"
  18              		.file 7 "/home/antodom/installations/ChibiStudio/chibios_stable-19.1.x/os/rt/include/chtime.h"
  19              		.file 8 "/home/antodom/installations/ChibiStudio/chibios_stable-19.1.x/os/common/ext/ARM/CMSIS/Cor
  20              		.file 9 "/home/antodom/installations/ChibiStudio/chibios_stable-19.1.x/os/common/ext/ST/STM32L4xx/
  21              		.file 10 "/home/antodom/installations/ChibiStudio/chibios_stable-19.1.x/os/common/ports/ARMCMx/chc
  22              		.file 11 "/home/antodom/installations/ChibiStudio/chibios_stable-19.1.x/os/common/ports/ARMCMx/chc
  23              		.file 12 "/home/antodom/installations/ChibiStudio/chibios_stable-19.1.x/os/rt/include/chtm.h"
  24              		.file 13 "/home/antodom/installations/ChibiStudio/chibios_stable-19.1.x/os/rt/include/chsem.h"
  25              		.file 14 "/home/antodom/installations/ChibiStudio/chibios_stable-19.1.x/os/rt/include/chmtx.h"
  26              		.file 15 "/home/antodom/installations/ChibiStudio/chibios_stable-19.1.x/os/rt/include/chsys.h"
  27              		.file 16 "/home/antodom/installations/ChibiStudio/chibios_stable-19.1.x/os/rt/include/chregistry.h
  28              		.file 17 "/home/antodom/installations/ChibiStudio/chibios_stable-19.1.x/os/oslib/include/chmemcore
  29              		.file 18 "/home/antodom/installations/ChibiStudio/chibios_stable-19.1.x/os/oslib/include/chmempool
  30              		.file 19 "/home/antodom/installations/ChibiStudio/chibios_stable-19.1.x/os/oslib/include/chfactory
  31              		.section	.gnu.debuglto_.debug_info,"",%progbits
  32              	.Ldebug_info0:
  33              		.hidden	chtrace.c.2c512586
  34              		.weak	chtrace.c.2c512586
  35              	chtrace.c.2c512586:
  36 0000 680A0000 		.4byte	0xa68
  37 0004 0400     		.2byte	0x4
  38 0006 00000000 		.4byte	.Ldebug_abbrev0
  39 000a 04       		.byte	0x4
  40 000b 01       		.uleb128 0x1
  41 000c 2E020000 		.4byte	.LASF146
  42 0010 0C       		.byte	0xc
  43 0011 91030000 		.4byte	.LASF147
  44 0015 EE060000 		.4byte	.LASF148
  45 0019 00000000 		.4byte	.Ldebug_line0
  46 001d 02       		.uleb128 0x2
  47 001e 04       		.byte	0x4
  48 001f 05       		.byte	0x5
  49 0020 696E7400 		.ascii	"int\000"
  50 0024 03       		.uleb128 0x3
  51 0025 0D000000 		.4byte	.LASF4
  52 0029 01       		.byte	0x1
  53 002a D8       		.byte	0xd8
  54 002b 17       		.byte	0x17
  55 002c 30000000 		.4byte	0x30
  56 0030 04       		.uleb128 0x4
  57 0031 04       		.byte	0x4
ARM GAS  /tmp/ccSJpNz3.s 			page 2


  58 0032 07       		.byte	0x7
  59 0033 D3010000 		.4byte	.LASF0
  60 0037 04       		.uleb128 0x4
  61 0038 08       		.byte	0x8
  62 0039 05       		.byte	0x5
  63 003a ED000000 		.4byte	.LASF1
  64 003e 04       		.uleb128 0x4
  65 003f 08       		.byte	0x8
  66 0040 04       		.byte	0x4
  67 0041 37040000 		.4byte	.LASF2
  68 0045 04       		.uleb128 0x4
  69 0046 01       		.byte	0x1
  70 0047 06       		.byte	0x6
  71 0048 FB000000 		.4byte	.LASF3
  72 004c 03       		.uleb128 0x3
  73 004d 2A000000 		.4byte	.LASF5
  74 0051 02       		.byte	0x2
  75 0052 2B       		.byte	0x2b
  76 0053 18       		.byte	0x18
  77 0054 58000000 		.4byte	0x58
  78 0058 04       		.uleb128 0x4
  79 0059 01       		.byte	0x1
  80 005a 08       		.byte	0x8
  81 005b F8040000 		.4byte	.LASF6
  82 005f 04       		.uleb128 0x4
  83 0060 02       		.byte	0x2
  84 0061 05       		.byte	0x5
  85 0062 1C050000 		.4byte	.LASF7
  86 0066 03       		.uleb128 0x3
  87 0067 F3050000 		.4byte	.LASF8
  88 006b 02       		.byte	0x2
  89 006c 39       		.byte	0x39
  90 006d 19       		.byte	0x19
  91 006e 72000000 		.4byte	0x72
  92 0072 04       		.uleb128 0x4
  93 0073 02       		.byte	0x2
  94 0074 07       		.byte	0x7
  95 0075 49060000 		.4byte	.LASF9
  96 0079 03       		.uleb128 0x3
  97 007a 87030000 		.4byte	.LASF10
  98 007e 02       		.byte	0x2
  99 007f 4D       		.byte	0x4d
 100 0080 18       		.byte	0x18
 101 0081 85000000 		.4byte	0x85
 102 0085 04       		.uleb128 0x4
 103 0086 04       		.byte	0x4
 104 0087 05       		.byte	0x5
 105 0088 28010000 		.4byte	.LASF11
 106 008c 03       		.uleb128 0x3
 107 008d 69010000 		.4byte	.LASF12
 108 0091 02       		.byte	0x2
 109 0092 4F       		.byte	0x4f
 110 0093 19       		.byte	0x19
 111 0094 98000000 		.4byte	0x98
 112 0098 04       		.uleb128 0x4
 113 0099 04       		.byte	0x4
 114 009a 07       		.byte	0x7
ARM GAS  /tmp/ccSJpNz3.s 			page 3


 115 009b C6050000 		.4byte	.LASF13
 116 009f 03       		.uleb128 0x3
 117 00a0 8D040000 		.4byte	.LASF14
 118 00a4 02       		.byte	0x2
 119 00a5 69       		.byte	0x69
 120 00a6 19       		.byte	0x19
 121 00a7 AB000000 		.4byte	0xab
 122 00ab 04       		.uleb128 0x4
 123 00ac 08       		.byte	0x8
 124 00ad 07       		.byte	0x7
 125 00ae 73000000 		.4byte	.LASF15
 126 00b2 03       		.uleb128 0x3
 127 00b3 B6060000 		.4byte	.LASF16
 128 00b7 03       		.byte	0x3
 129 00b8 18       		.byte	0x18
 130 00b9 13       		.byte	0x13
 131 00ba 4C000000 		.4byte	0x4c
 132 00be 05       		.uleb128 0x5
 133 00bf B2000000 		.4byte	0xb2
 134 00c3 03       		.uleb128 0x3
 135 00c4 4A010000 		.4byte	.LASF17
 136 00c8 03       		.byte	0x3
 137 00c9 24       		.byte	0x24
 138 00ca 14       		.byte	0x14
 139 00cb 66000000 		.4byte	0x66
 140 00cf 03       		.uleb128 0x3
 141 00d0 F0040000 		.4byte	.LASF18
 142 00d4 03       		.byte	0x3
 143 00d5 2C       		.byte	0x2c
 144 00d6 13       		.byte	0x13
 145 00d7 79000000 		.4byte	0x79
 146 00db 06       		.uleb128 0x6
 147 00dc CF000000 		.4byte	0xcf
 148 00e0 03       		.uleb128 0x3
 149 00e1 A0050000 		.4byte	.LASF19
 150 00e5 03       		.byte	0x3
 151 00e6 30       		.byte	0x30
 152 00e7 14       		.byte	0x14
 153 00e8 8C000000 		.4byte	0x8c
 154 00ec 05       		.uleb128 0x5
 155 00ed E0000000 		.4byte	0xe0
 156 00f1 03       		.uleb128 0x3
 157 00f2 21000000 		.4byte	.LASF20
 158 00f6 03       		.byte	0x3
 159 00f7 3C       		.byte	0x3c
 160 00f8 14       		.byte	0x14
 161 00f9 9F000000 		.4byte	0x9f
 162 00fd 03       		.uleb128 0x3
 163 00fe 05040000 		.4byte	.LASF21
 164 0102 04       		.byte	0x4
 165 0103 27       		.byte	0x27
 166 0104 1D       		.byte	0x1d
 167 0105 E0000000 		.4byte	0xe0
 168 0109 03       		.uleb128 0x3
 169 010a 50030000 		.4byte	.LASF22
 170 010e 04       		.byte	0x4
 171 010f 2A       		.byte	0x2a
ARM GAS  /tmp/ccSJpNz3.s 			page 4


 172 0110 1D       		.byte	0x1d
 173 0111 B2000000 		.4byte	0xb2
 174 0115 03       		.uleb128 0x3
 175 0116 31010000 		.4byte	.LASF23
 176 011a 04       		.byte	0x4
 177 011b 2B       		.byte	0x2b
 178 011c 1D       		.byte	0x1d
 179 011d B2000000 		.4byte	0xb2
 180 0121 03       		.uleb128 0x3
 181 0122 A2040000 		.4byte	.LASF24
 182 0126 04       		.byte	0x4
 183 0127 2C       		.byte	0x2c
 184 0128 1D       		.byte	0x1d
 185 0129 B2000000 		.4byte	0xb2
 186 012d 03       		.uleb128 0x3
 187 012e CE040000 		.4byte	.LASF25
 188 0132 04       		.byte	0x4
 189 0133 2E       		.byte	0x2e
 190 0134 1D       		.byte	0x1d
 191 0135 E0000000 		.4byte	0xe0
 192 0139 03       		.uleb128 0x3
 193 013a 1B030000 		.4byte	.LASF26
 194 013e 04       		.byte	0x4
 195 013f 2F       		.byte	0x2f
 196 0140 1D       		.byte	0x1d
 197 0141 CF000000 		.4byte	0xcf
 198 0145 03       		.uleb128 0x3
 199 0146 66030000 		.4byte	.LASF27
 200 014a 04       		.byte	0x4
 201 014b 31       		.byte	0x31
 202 014c 1D       		.byte	0x1d
 203 014d E0000000 		.4byte	0xe0
 204 0151 03       		.uleb128 0x3
 205 0152 CD010000 		.4byte	.LASF28
 206 0156 04       		.byte	0x4
 207 0157 33       		.byte	0x33
 208 0158 1D       		.byte	0x1d
 209 0159 CF000000 		.4byte	0xcf
 210 015d 03       		.uleb128 0x3
 211 015e 21030000 		.4byte	.LASF29
 212 0162 04       		.byte	0x4
 213 0163 34       		.byte	0x34
 214 0164 1D       		.byte	0x1d
 215 0165 E0000000 		.4byte	0xe0
 216 0169 03       		.uleb128 0x3
 217 016a FE050000 		.4byte	.LASF30
 218 016e 05       		.byte	0x5
 219 016f 34       		.byte	0x34
 220 0170 1A       		.byte	0x1a
 221 0171 75010000 		.4byte	0x175
 222 0175 07       		.uleb128 0x7
 223 0176 11030000 		.4byte	.LASF48
 224 017a 44       		.byte	0x44
 225 017b 06       		.byte	0x6
 226 017c 8E       		.byte	0x8e
 227 017d 08       		.byte	0x8
 228 017e 65020000 		.4byte	0x265
ARM GAS  /tmp/ccSJpNz3.s 			page 5


 229 0182 08       		.uleb128 0x8
 230 0183 19020000 		.4byte	.LASF31
 231 0187 06       		.byte	0x6
 232 0188 8F       		.byte	0x8f
 233 0189 19       		.byte	0x19
 234 018a 9E020000 		.4byte	0x29e
 235 018e 00       		.byte	0
 236 018f 08       		.uleb128 0x8
 237 0190 77040000 		.4byte	.LASF32
 238 0194 06       		.byte	0x6
 239 0195 90       		.byte	0x90
 240 0196 19       		.byte	0x19
 241 0197 2D010000 		.4byte	0x12d
 242 019b 08       		.byte	0x8
 243 019c 09       		.uleb128 0x9
 244 019d 63747800 		.ascii	"ctx\000"
 245 01a1 06       		.byte	0x6
 246 01a2 91       		.byte	0x91
 247 01a3 19       		.byte	0x19
 248 01a4 49050000 		.4byte	0x549
 249 01a8 0C       		.byte	0xc
 250 01a9 08       		.uleb128 0x8
 251 01aa EE030000 		.4byte	.LASF33
 252 01ae 06       		.byte	0x6
 253 01af 93       		.byte	0x93
 254 01b0 1A       		.byte	0x1a
 255 01b1 71020000 		.4byte	0x271
 256 01b5 10       		.byte	0x10
 257 01b6 08       		.uleb128 0x8
 258 01b7 E4050000 		.4byte	.LASF34
 259 01bb 06       		.byte	0x6
 260 01bc 94       		.byte	0x94
 261 01bd 1A       		.byte	0x1a
 262 01be 71020000 		.4byte	0x271
 263 01c2 14       		.byte	0x14
 264 01c3 08       		.uleb128 0x8
 265 01c4 14020000 		.4byte	.LASF35
 266 01c8 06       		.byte	0x6
 267 01c9 9B       		.byte	0x9b
 268 01ca 1A       		.byte	0x1a
 269 01cb EC060000 		.4byte	0x6ec
 270 01cf 18       		.byte	0x18
 271 01d0 08       		.uleb128 0x8
 272 01d1 D8050000 		.4byte	.LASF36
 273 01d5 06       		.byte	0x6
 274 01d6 A4       		.byte	0xa4
 275 01d7 1A       		.byte	0x1a
 276 01d8 03070000 		.4byte	0x703
 277 01dc 1C       		.byte	0x1c
 278 01dd 08       		.uleb128 0x8
 279 01de 22010000 		.4byte	.LASF37
 280 01e2 06       		.byte	0x6
 281 01e3 A9       		.byte	0xa9
 282 01e4 19       		.byte	0x19
 283 01e5 15010000 		.4byte	0x115
 284 01e9 20       		.byte	0x20
 285 01ea 08       		.uleb128 0x8
ARM GAS  /tmp/ccSJpNz3.s 			page 6


 286 01eb BE060000 		.4byte	.LASF38
 287 01ef 06       		.byte	0x6
 288 01f0 AD       		.byte	0xad
 289 01f1 19       		.byte	0x19
 290 01f2 09010000 		.4byte	0x109
 291 01f6 21       		.byte	0x21
 292 01f7 08       		.uleb128 0x8
 293 01f8 AA040000 		.4byte	.LASF39
 294 01fc 06       		.byte	0x6
 295 01fd B2       		.byte	0xb2
 296 01fe 19       		.byte	0x19
 297 01ff 21010000 		.4byte	0x121
 298 0203 22       		.byte	0x22
 299 0204 0A       		.uleb128 0xa
 300 0205 7500     		.ascii	"u\000"
 301 0207 06       		.byte	0x6
 302 0208 0301     		.2byte	0x103
 303 020a 19       		.byte	0x19
 304 020b 12060000 		.4byte	0x612
 305 020f 24       		.byte	0x24
 306 0210 0B       		.uleb128 0xb
 307 0211 96010000 		.4byte	.LASF40
 308 0215 06       		.byte	0x6
 309 0216 0801     		.2byte	0x108
 310 0218 19       		.byte	0x19
 311 0219 77020000 		.4byte	0x277
 312 021d 28       		.byte	0x28
 313 021e 0B       		.uleb128 0xb
 314 021f 19010000 		.4byte	.LASF41
 315 0223 06       		.byte	0x6
 316 0224 0E01     		.2byte	0x10e
 317 0226 19       		.byte	0x19
 318 0227 9E020000 		.4byte	0x29e
 319 022b 2C       		.byte	0x2c
 320 022c 0B       		.uleb128 0xb
 321 022d 28030000 		.4byte	.LASF42
 322 0231 06       		.byte	0x6
 323 0232 1401     		.2byte	0x114
 324 0234 19       		.byte	0x19
 325 0235 45010000 		.4byte	0x145
 326 0239 34       		.byte	0x34
 327 023a 0B       		.uleb128 0xb
 328 023b 69070000 		.4byte	.LASF43
 329 023f 06       		.byte	0x6
 330 0240 1B01     		.2byte	0x11b
 331 0242 1A       		.byte	0x1a
 332 0243 E6060000 		.4byte	0x6e6
 333 0247 38       		.byte	0x38
 334 0248 0B       		.uleb128 0xb
 335 0249 F4030000 		.4byte	.LASF44
 336 024d 06       		.byte	0x6
 337 024e 1F01     		.2byte	0x11f
 338 0250 19       		.byte	0x19
 339 0251 2D010000 		.4byte	0x12d
 340 0255 3C       		.byte	0x3c
 341 0256 0B       		.uleb128 0xb
 342 0257 1F020000 		.4byte	.LASF45
ARM GAS  /tmp/ccSJpNz3.s 			page 7


 343 025b 06       		.byte	0x6
 344 025c 2601     		.2byte	0x126
 345 025e 1A       		.byte	0x1a
 346 025f 5E030000 		.4byte	0x35e
 347 0263 40       		.byte	0x40
 348 0264 00       		.byte	0
 349 0265 03       		.uleb128 0x3
 350 0266 0D040000 		.4byte	.LASF46
 351 026a 05       		.byte	0x5
 352 026b 39       		.byte	0x39
 353 026c 14       		.byte	0x14
 354 026d 71020000 		.4byte	0x271
 355 0271 0C       		.uleb128 0xc
 356 0272 04       		.byte	0x4
 357 0273 69010000 		.4byte	0x169
 358 0277 03       		.uleb128 0x3
 359 0278 D5060000 		.4byte	.LASF47
 360 027c 05       		.byte	0x5
 361 027d 3E       		.byte	0x3e
 362 027e 20       		.byte	0x20
 363 027f 83020000 		.4byte	0x283
 364 0283 07       		.uleb128 0x7
 365 0284 B0050000 		.4byte	.LASF49
 366 0288 04       		.byte	0x4
 367 0289 06       		.byte	0x6
 368 028a 7C       		.byte	0x7c
 369 028b 08       		.byte	0x8
 370 028c 9E020000 		.4byte	0x29e
 371 0290 08       		.uleb128 0x8
 372 0291 D7000000 		.4byte	.LASF50
 373 0295 06       		.byte	0x6
 374 0296 7D       		.byte	0x7d
 375 0297 1A       		.byte	0x1a
 376 0298 71020000 		.4byte	0x271
 377 029c 00       		.byte	0
 378 029d 00       		.byte	0
 379 029e 03       		.uleb128 0x3
 380 029f 83060000 		.4byte	.LASF51
 381 02a3 05       		.byte	0x5
 382 02a4 45       		.byte	0x45
 383 02a5 21       		.byte	0x21
 384 02a6 AA020000 		.4byte	0x2aa
 385 02aa 07       		.uleb128 0x7
 386 02ab DC000000 		.4byte	.LASF52
 387 02af 08       		.byte	0x8
 388 02b0 06       		.byte	0x6
 389 02b1 83       		.byte	0x83
 390 02b2 08       		.byte	0x8
 391 02b3 D2020000 		.4byte	0x2d2
 392 02b7 08       		.uleb128 0x8
 393 02b8 D7000000 		.4byte	.LASF50
 394 02bc 06       		.byte	0x6
 395 02bd 84       		.byte	0x84
 396 02be 1A       		.byte	0x1a
 397 02bf 71020000 		.4byte	0x271
 398 02c3 00       		.byte	0
 399 02c4 08       		.uleb128 0x8
ARM GAS  /tmp/ccSJpNz3.s 			page 8


 400 02c5 34000000 		.4byte	.LASF53
 401 02c9 06       		.byte	0x6
 402 02ca 85       		.byte	0x85
 403 02cb 1A       		.byte	0x1a
 404 02cc 71020000 		.4byte	0x271
 405 02d0 04       		.byte	0x4
 406 02d1 00       		.byte	0
 407 02d2 03       		.uleb128 0x3
 408 02d3 00000000 		.4byte	.LASF54
 409 02d7 05       		.byte	0x5
 410 02d8 4C       		.byte	0x4c
 411 02d9 1E       		.byte	0x1e
 412 02da DE020000 		.4byte	0x2de
 413 02de 0D       		.uleb128 0xd
 414 02df 58030000 		.4byte	.LASF55
 415 02e3 1C       		.byte	0x1c
 416 02e4 06       		.byte	0x6
 417 02e5 5E01     		.2byte	0x15e
 418 02e7 08       		.byte	0x8
 419 02e8 41030000 		.4byte	0x341
 420 02ec 0B       		.uleb128 0xb
 421 02ed 19020000 		.4byte	.LASF31
 422 02f1 06       		.byte	0x6
 423 02f2 5F01     		.2byte	0x15f
 424 02f4 19       		.byte	0x19
 425 02f5 9E020000 		.4byte	0x29e
 426 02f9 00       		.byte	0
 427 02fa 0B       		.uleb128 0xb
 428 02fb 77040000 		.4byte	.LASF32
 429 02ff 06       		.byte	0x6
 430 0300 6001     		.2byte	0x160
 431 0302 19       		.byte	0x19
 432 0303 2D010000 		.4byte	0x12d
 433 0307 08       		.byte	0x8
 434 0308 0A       		.uleb128 0xa
 435 0309 63747800 		.ascii	"ctx\000"
 436 030d 06       		.byte	0x6
 437 030e 6201     		.2byte	0x162
 438 0310 19       		.byte	0x19
 439 0311 49050000 		.4byte	0x549
 440 0315 0C       		.byte	0xc
 441 0316 0B       		.uleb128 0xb
 442 0317 EE030000 		.4byte	.LASF33
 443 031b 06       		.byte	0x6
 444 031c 6501     		.2byte	0x165
 445 031e 1A       		.byte	0x1a
 446 031f 71020000 		.4byte	0x271
 447 0323 10       		.byte	0x10
 448 0324 0B       		.uleb128 0xb
 449 0325 E4050000 		.4byte	.LASF34
 450 0329 06       		.byte	0x6
 451 032a 6601     		.2byte	0x166
 452 032c 1A       		.byte	0x1a
 453 032d 71020000 		.4byte	0x271
 454 0331 14       		.byte	0x14
 455 0332 0B       		.uleb128 0xb
 456 0333 85040000 		.4byte	.LASF56
ARM GAS  /tmp/ccSJpNz3.s 			page 9


 457 0337 06       		.byte	0x6
 458 0338 6901     		.2byte	0x169
 459 033a 1A       		.byte	0x1a
 460 033b 71020000 		.4byte	0x271
 461 033f 18       		.byte	0x18
 462 0340 00       		.byte	0
 463 0341 03       		.uleb128 0x3
 464 0342 1C060000 		.4byte	.LASF57
 465 0346 05       		.byte	0x5
 466 0347 51       		.byte	0x51
 467 0348 10       		.byte	0x10
 468 0349 4D030000 		.4byte	0x34d
 469 034d 0C       		.uleb128 0xc
 470 034e 04       		.byte	0x4
 471 034f 53030000 		.4byte	0x353
 472 0353 0E       		.uleb128 0xe
 473 0354 5E030000 		.4byte	0x35e
 474 0358 0F       		.uleb128 0xf
 475 0359 5E030000 		.4byte	0x35e
 476 035d 00       		.byte	0
 477 035e 10       		.uleb128 0x10
 478 035f 04       		.byte	0x4
 479 0360 03       		.uleb128 0x3
 480 0361 AF040000 		.4byte	.LASF58
 481 0365 05       		.byte	0x5
 482 0366 56       		.byte	0x56
 483 0367 21       		.byte	0x21
 484 0368 6C030000 		.4byte	0x36c
 485 036c 0D       		.uleb128 0xd
 486 036d 54050000 		.4byte	.LASF59
 487 0371 14       		.byte	0x14
 488 0372 06       		.byte	0x6
 489 0373 3901     		.2byte	0x139
 490 0375 08       		.byte	0x8
 491 0376 C1030000 		.4byte	0x3c1
 492 037a 0B       		.uleb128 0xb
 493 037b D7000000 		.4byte	.LASF50
 494 037f 06       		.byte	0x6
 495 0380 3A01     		.2byte	0x13a
 496 0382 1A       		.byte	0x1a
 497 0383 09070000 		.4byte	0x709
 498 0387 00       		.byte	0
 499 0388 0B       		.uleb128 0xb
 500 0389 34000000 		.4byte	.LASF53
 501 038d 06       		.byte	0x6
 502 038e 3B01     		.2byte	0x13b
 503 0390 1A       		.byte	0x1a
 504 0391 09070000 		.4byte	0x709
 505 0395 04       		.byte	0x4
 506 0396 0B       		.uleb128 0xb
 507 0397 14000000 		.4byte	.LASF60
 508 039b 06       		.byte	0x6
 509 039c 3C01     		.2byte	0x13c
 510 039e 19       		.byte	0x19
 511 039f A9040000 		.4byte	0x4a9
 512 03a3 08       		.byte	0x8
 513 03a4 0B       		.uleb128 0xb
ARM GAS  /tmp/ccSJpNz3.s 			page 10


 514 03a5 3A010000 		.4byte	.LASF61
 515 03a9 06       		.byte	0x6
 516 03aa 3D01     		.2byte	0x13d
 517 03ac 19       		.byte	0x19
 518 03ad 41030000 		.4byte	0x341
 519 03b1 0C       		.byte	0xc
 520 03b2 0A       		.uleb128 0xa
 521 03b3 70617200 		.ascii	"par\000"
 522 03b7 06       		.byte	0x6
 523 03b8 3F01     		.2byte	0x13f
 524 03ba 1A       		.byte	0x1a
 525 03bb 5E030000 		.4byte	0x35e
 526 03bf 10       		.byte	0x10
 527 03c0 00       		.byte	0
 528 03c1 03       		.uleb128 0x3
 529 03c2 A6000000 		.4byte	.LASF62
 530 03c6 05       		.byte	0x5
 531 03c7 5B       		.byte	0x5b
 532 03c8 28       		.byte	0x28
 533 03c9 CD030000 		.4byte	0x3cd
 534 03cd 0D       		.uleb128 0xd
 535 03ce 20040000 		.4byte	.LASF63
 536 03d2 10       		.byte	0x10
 537 03d3 06       		.byte	0x6
 538 03d4 4901     		.2byte	0x149
 539 03d6 08       		.byte	0x8
 540 03d7 14040000 		.4byte	0x414
 541 03db 0B       		.uleb128 0xb
 542 03dc D7000000 		.4byte	.LASF50
 543 03e0 06       		.byte	0x6
 544 03e1 4A01     		.2byte	0x14a
 545 03e3 1A       		.byte	0x1a
 546 03e4 09070000 		.4byte	0x709
 547 03e8 00       		.byte	0
 548 03e9 0B       		.uleb128 0xb
 549 03ea 34000000 		.4byte	.LASF53
 550 03ee 06       		.byte	0x6
 551 03ef 4C01     		.2byte	0x14c
 552 03f1 1A       		.byte	0x1a
 553 03f2 09070000 		.4byte	0x709
 554 03f6 04       		.byte	0x4
 555 03f7 0B       		.uleb128 0xb
 556 03f8 14000000 		.4byte	.LASF60
 557 03fc 06       		.byte	0x6
 558 03fd 4E01     		.2byte	0x14e
 559 03ff 19       		.byte	0x19
 560 0400 A9040000 		.4byte	0x4a9
 561 0404 08       		.byte	0x8
 562 0405 0B       		.uleb128 0xb
 563 0406 26050000 		.4byte	.LASF64
 564 040a 06       		.byte	0x6
 565 040b 5601     		.2byte	0x156
 566 040d 19       		.byte	0x19
 567 040e 9D040000 		.4byte	0x49d
 568 0412 0C       		.byte	0xc
 569 0413 00       		.byte	0
 570 0414 03       		.uleb128 0x3
ARM GAS  /tmp/ccSJpNz3.s 			page 11


 571 0415 45000000 		.4byte	.LASF65
 572 0419 05       		.byte	0x5
 573 041a 60       		.byte	0x60
 574 041b 20       		.byte	0x20
 575 041c 20040000 		.4byte	0x420
 576 0420 0D       		.uleb128 0xd
 577 0421 86010000 		.4byte	.LASF66
 578 0425 04       		.byte	0x4
 579 0426 06       		.byte	0x6
 580 0427 7001     		.2byte	0x170
 581 0429 08       		.byte	0x8
 582 042a 3D040000 		.4byte	0x43d
 583 042e 0B       		.uleb128 0xb
 584 042f 25060000 		.4byte	.LASF67
 585 0433 06       		.byte	0x6
 586 0434 7801     		.2byte	0x178
 587 0436 24       		.byte	0x24
 588 0437 F2060000 		.4byte	0x6f2
 589 043b 00       		.byte	0
 590 043c 00       		.byte	0
 591 043d 03       		.uleb128 0x3
 592 043e 3C030000 		.4byte	.LASF68
 593 0442 05       		.byte	0x5
 594 0443 65       		.byte	0x65
 595 0444 1A       		.byte	0x1a
 596 0445 49040000 		.4byte	0x449
 597 0449 0D       		.uleb128 0xd
 598 044a 36050000 		.4byte	.LASF69
 599 044e 78       		.byte	0x78
 600 044f 06       		.byte	0x6
 601 0450 9001     		.2byte	0x190
 602 0452 08       		.byte	0x8
 603 0453 9D040000 		.4byte	0x49d
 604 0457 0B       		.uleb128 0xb
 605 0458 0C010000 		.4byte	.LASF70
 606 045c 06       		.byte	0x6
 607 045d 9401     		.2byte	0x194
 608 045f 19       		.byte	0x19
 609 0460 D2020000 		.4byte	0x2d2
 610 0464 00       		.byte	0
 611 0465 0B       		.uleb128 0xb
 612 0466 12010000 		.4byte	.LASF71
 613 046a 06       		.byte	0x6
 614 046b 9801     		.2byte	0x198
 615 046d 19       		.byte	0x19
 616 046e C1030000 		.4byte	0x3c1
 617 0472 1C       		.byte	0x1c
 618 0473 0A       		.uleb128 0xa
 619 0474 64626700 		.ascii	"dbg\000"
 620 0478 06       		.byte	0x6
 621 0479 9C01     		.2byte	0x19c
 622 047b 19       		.byte	0x19
 623 047c 14040000 		.4byte	0x414
 624 0480 2C       		.byte	0x2c
 625 0481 0B       		.uleb128 0xb
 626 0482 93000000 		.4byte	.LASF72
 627 0486 06       		.byte	0x6
ARM GAS  /tmp/ccSJpNz3.s 			page 12


 628 0487 A001     		.2byte	0x1a0
 629 0489 19       		.byte	0x19
 630 048a 69010000 		.4byte	0x169
 631 048e 30       		.byte	0x30
 632 048f 0A       		.uleb128 0xa
 633 0490 746D00   		.ascii	"tm\000"
 634 0493 06       		.byte	0x6
 635 0494 A501     		.2byte	0x1a5
 636 0496 19       		.byte	0x19
 637 0497 06060000 		.4byte	0x606
 638 049b 74       		.byte	0x74
 639 049c 00       		.byte	0
 640 049d 03       		.uleb128 0x3
 641 049e 12060000 		.4byte	.LASF73
 642 04a2 07       		.byte	0x7
 643 04a3 6D       		.byte	0x6d
 644 04a4 12       		.byte	0x12
 645 04a5 E0000000 		.4byte	0xe0
 646 04a9 03       		.uleb128 0x3
 647 04aa BF010000 		.4byte	.LASF74
 648 04ae 07       		.byte	0x7
 649 04af 79       		.byte	0x79
 650 04b0 12       		.byte	0x12
 651 04b1 E0000000 		.4byte	0xe0
 652 04b5 11       		.uleb128 0x11
 653 04b6 BC000000 		.4byte	.LASF75
 654 04ba 08       		.byte	0x8
 655 04bb 0408     		.2byte	0x804
 656 04bd 19       		.byte	0x19
 657 04be DB000000 		.4byte	0xdb
 658 04c2 12       		.uleb128 0x12
 659 04c3 E0010000 		.4byte	.LASF76
 660 04c7 09       		.byte	0x9
 661 04c8 4A       		.byte	0x4a
 662 04c9 11       		.byte	0x11
 663 04ca E0000000 		.4byte	0xe0
 664 04ce 13       		.uleb128 0x13
 665 04cf BE000000 		.4byte	0xbe
 666 04d3 DE040000 		.4byte	0x4de
 667 04d7 14       		.uleb128 0x14
 668 04d8 30000000 		.4byte	0x30
 669 04dc 0F       		.byte	0xf
 670 04dd 00       		.byte	0
 671 04de 05       		.uleb128 0x5
 672 04df CE040000 		.4byte	0x4ce
 673 04e3 12       		.uleb128 0x12
 674 04e4 72030000 		.4byte	.LASF77
 675 04e8 09       		.byte	0x9
 676 04e9 4C       		.byte	0x4c
 677 04ea 17       		.byte	0x17
 678 04eb DE040000 		.4byte	0x4de
 679 04ef 13       		.uleb128 0x13
 680 04f0 BE000000 		.4byte	0xbe
 681 04f4 FF040000 		.4byte	0x4ff
 682 04f8 14       		.uleb128 0x14
 683 04f9 30000000 		.4byte	0x30
 684 04fd 07       		.byte	0x7
ARM GAS  /tmp/ccSJpNz3.s 			page 13


 685 04fe 00       		.byte	0
 686 04ff 05       		.uleb128 0x5
 687 0500 EF040000 		.4byte	0x4ef
 688 0504 12       		.uleb128 0x12
 689 0505 9E010000 		.4byte	.LASF78
 690 0509 09       		.byte	0x9
 691 050a 4D       		.byte	0x4d
 692 050b 17       		.byte	0x17
 693 050c FF040000 		.4byte	0x4ff
 694 0510 13       		.uleb128 0x13
 695 0511 EC000000 		.4byte	0xec
 696 0515 20050000 		.4byte	0x520
 697 0519 14       		.uleb128 0x14
 698 051a 30000000 		.4byte	0x30
 699 051e 0B       		.byte	0xb
 700 051f 00       		.byte	0
 701 0520 05       		.uleb128 0x5
 702 0521 10050000 		.4byte	0x510
 703 0525 12       		.uleb128 0x12
 704 0526 A8060000 		.4byte	.LASF79
 705 052a 09       		.byte	0x9
 706 052b 4E       		.byte	0x4e
 707 052c 17       		.byte	0x17
 708 052d 20050000 		.4byte	0x520
 709 0531 03       		.uleb128 0x3
 710 0532 74010000 		.4byte	.LASF80
 711 0536 0A       		.byte	0xa
 712 0537 65       		.byte	0x65
 713 0538 0F       		.byte	0xf
 714 0539 5E030000 		.4byte	0x35e
 715 053d 03       		.uleb128 0x3
 716 053e E3030000 		.4byte	.LASF81
 717 0542 0A       		.byte	0xa
 718 0543 6D       		.byte	0x6d
 719 0544 12       		.byte	0x12
 720 0545 F1000000 		.4byte	0xf1
 721 0549 07       		.uleb128 0x7
 722 054a 59040000 		.4byte	.LASF82
 723 054e 04       		.byte	0x4
 724 054f 0A       		.byte	0xa
 725 0550 89       		.byte	0x89
 726 0551 08       		.byte	0x8
 727 0552 63050000 		.4byte	0x563
 728 0556 09       		.uleb128 0x9
 729 0557 737000   		.ascii	"sp\000"
 730 055a 0A       		.byte	0xa
 731 055b 8A       		.byte	0x8a
 732 055c 17       		.byte	0x17
 733 055d E9050000 		.4byte	0x5e9
 734 0561 00       		.byte	0
 735 0562 00       		.byte	0
 736 0563 0D       		.uleb128 0xd
 737 0564 39000000 		.4byte	.LASF83
 738 0568 24       		.byte	0x24
 739 0569 0B       		.byte	0xb
 740 056a 6001     		.2byte	0x160
 741 056c 08       		.byte	0x8
ARM GAS  /tmp/ccSJpNz3.s 			page 14


 742 056d E9050000 		.4byte	0x5e9
 743 0571 0A       		.uleb128 0xa
 744 0572 723400   		.ascii	"r4\000"
 745 0575 0B       		.byte	0xb
 746 0576 7301     		.2byte	0x173
 747 0578 11       		.byte	0x11
 748 0579 31050000 		.4byte	0x531
 749 057d 00       		.byte	0
 750 057e 0A       		.uleb128 0xa
 751 057f 723500   		.ascii	"r5\000"
 752 0582 0B       		.byte	0xb
 753 0583 7401     		.2byte	0x174
 754 0585 11       		.byte	0x11
 755 0586 31050000 		.4byte	0x531
 756 058a 04       		.byte	0x4
 757 058b 0A       		.uleb128 0xa
 758 058c 723600   		.ascii	"r6\000"
 759 058f 0B       		.byte	0xb
 760 0590 7501     		.2byte	0x175
 761 0592 11       		.byte	0x11
 762 0593 31050000 		.4byte	0x531
 763 0597 08       		.byte	0x8
 764 0598 0A       		.uleb128 0xa
 765 0599 723700   		.ascii	"r7\000"
 766 059c 0B       		.byte	0xb
 767 059d 7601     		.2byte	0x176
 768 059f 11       		.byte	0x11
 769 05a0 31050000 		.4byte	0x531
 770 05a4 0C       		.byte	0xc
 771 05a5 0A       		.uleb128 0xa
 772 05a6 723800   		.ascii	"r8\000"
 773 05a9 0B       		.byte	0xb
 774 05aa 7701     		.2byte	0x177
 775 05ac 11       		.byte	0x11
 776 05ad 31050000 		.4byte	0x531
 777 05b1 10       		.byte	0x10
 778 05b2 0A       		.uleb128 0xa
 779 05b3 723900   		.ascii	"r9\000"
 780 05b6 0B       		.byte	0xb
 781 05b7 7801     		.2byte	0x178
 782 05b9 11       		.byte	0x11
 783 05ba 31050000 		.4byte	0x531
 784 05be 14       		.byte	0x14
 785 05bf 0A       		.uleb128 0xa
 786 05c0 72313000 		.ascii	"r10\000"
 787 05c4 0B       		.byte	0xb
 788 05c5 7901     		.2byte	0x179
 789 05c7 11       		.byte	0x11
 790 05c8 31050000 		.4byte	0x531
 791 05cc 18       		.byte	0x18
 792 05cd 0A       		.uleb128 0xa
 793 05ce 72313100 		.ascii	"r11\000"
 794 05d2 0B       		.byte	0xb
 795 05d3 7A01     		.2byte	0x17a
 796 05d5 11       		.byte	0x11
 797 05d6 31050000 		.4byte	0x531
 798 05da 1C       		.byte	0x1c
ARM GAS  /tmp/ccSJpNz3.s 			page 15


 799 05db 0A       		.uleb128 0xa
 800 05dc 6C7200   		.ascii	"lr\000"
 801 05df 0B       		.byte	0xb
 802 05e0 7B01     		.2byte	0x17b
 803 05e2 11       		.byte	0x11
 804 05e3 31050000 		.4byte	0x531
 805 05e7 20       		.byte	0x20
 806 05e8 00       		.byte	0
 807 05e9 0C       		.uleb128 0xc
 808 05ea 04       		.byte	0x4
 809 05eb 63050000 		.4byte	0x563
 810 05ef 15       		.uleb128 0x15
 811 05f0 04       		.byte	0x4
 812 05f1 0C       		.byte	0xc
 813 05f2 38       		.byte	0x38
 814 05f3 09       		.byte	0x9
 815 05f4 06060000 		.4byte	0x606
 816 05f8 08       		.uleb128 0x8
 817 05f9 2F060000 		.4byte	.LASF84
 818 05fd 0C       		.byte	0xc
 819 05fe 3C       		.byte	0x3c
 820 05ff 19       		.byte	0x19
 821 0600 FD000000 		.4byte	0xfd
 822 0604 00       		.byte	0
 823 0605 00       		.byte	0
 824 0606 03       		.uleb128 0x3
 825 0607 66040000 		.4byte	.LASF85
 826 060b 0C       		.byte	0xc
 827 060c 3D       		.byte	0x3d
 828 060d 03       		.byte	0x3
 829 060e EF050000 		.4byte	0x5ef
 830 0612 16       		.uleb128 0x16
 831 0613 04       		.byte	0x4
 832 0614 06       		.byte	0x6
 833 0615 C6       		.byte	0xc6
 834 0616 03       		.byte	0x3
 835 0617 7D060000 		.4byte	0x67d
 836 061b 17       		.uleb128 0x17
 837 061c 1A000000 		.4byte	.LASF86
 838 0620 06       		.byte	0x6
 839 0621 CD       		.byte	0xcd
 840 0622 19       		.byte	0x19
 841 0623 39010000 		.4byte	0x139
 842 0627 17       		.uleb128 0x17
 843 0628 8A000000 		.4byte	.LASF87
 844 062c 06       		.byte	0x6
 845 062d D4       		.byte	0xd4
 846 062e 19       		.byte	0x19
 847 062f 39010000 		.4byte	0x139
 848 0633 17       		.uleb128 0x17
 849 0634 CE060000 		.4byte	.LASF88
 850 0638 06       		.byte	0x6
 851 0639 DB       		.byte	0xdb
 852 063a 1A       		.byte	0x1a
 853 063b 5E030000 		.4byte	0x35e
 854 063f 17       		.uleb128 0x17
 855 0640 F7010000 		.4byte	.LASF89
ARM GAS  /tmp/ccSJpNz3.s 			page 16


 856 0644 06       		.byte	0x6
 857 0645 E2       		.byte	0xe2
 858 0646 1A       		.byte	0x1a
 859 0647 7D060000 		.4byte	0x67d
 860 064b 17       		.uleb128 0x17
 861 064c 9E000000 		.4byte	.LASF90
 862 0650 06       		.byte	0x6
 863 0651 E7       		.byte	0xe7
 864 0652 19       		.byte	0x19
 865 0653 39010000 		.4byte	0x139
 866 0657 17       		.uleb128 0x17
 867 0658 F0010000 		.4byte	.LASF91
 868 065c 06       		.byte	0x6
 869 065d F0       		.byte	0xf0
 870 065e 1A       		.byte	0x1a
 871 065f AB060000 		.4byte	0x6ab
 872 0663 17       		.uleb128 0x17
 873 0664 A9050000 		.4byte	.LASF92
 874 0668 06       		.byte	0x6
 875 0669 F9       		.byte	0xf9
 876 066a 1A       		.byte	0x1a
 877 066b E6060000 		.4byte	0x6e6
 878 066f 18       		.uleb128 0x18
 879 0670 2F050000 		.4byte	.LASF93
 880 0674 06       		.byte	0x6
 881 0675 0101     		.2byte	0x101
 882 0677 19       		.byte	0x19
 883 0678 45010000 		.4byte	0x145
 884 067c 00       		.byte	0
 885 067d 0C       		.uleb128 0xc
 886 067e 04       		.byte	0x4
 887 067f 65020000 		.4byte	0x265
 888 0683 07       		.uleb128 0x7
 889 0684 65050000 		.4byte	.LASF94
 890 0688 0C       		.byte	0xc
 891 0689 0D       		.byte	0xd
 892 068a 34       		.byte	0x34
 893 068b 10       		.byte	0x10
 894 068c AB060000 		.4byte	0x6ab
 895 0690 08       		.uleb128 0x8
 896 0691 19020000 		.4byte	.LASF31
 897 0695 0D       		.byte	0xd
 898 0696 35       		.byte	0x35
 899 0697 19       		.byte	0x19
 900 0698 9E020000 		.4byte	0x29e
 901 069c 00       		.byte	0
 902 069d 09       		.uleb128 0x9
 903 069e 636E7400 		.ascii	"cnt\000"
 904 06a2 0D       		.byte	0xd
 905 06a3 37       		.byte	0x37
 906 06a4 19       		.byte	0x19
 907 06a5 51010000 		.4byte	0x151
 908 06a9 08       		.byte	0x8
 909 06aa 00       		.byte	0
 910 06ab 0C       		.uleb128 0xc
 911 06ac 04       		.byte	0x4
 912 06ad 83060000 		.4byte	0x683
ARM GAS  /tmp/ccSJpNz3.s 			page 17


 913 06b1 07       		.uleb128 0x7
 914 06b2 36060000 		.4byte	.LASF95
 915 06b6 10       		.byte	0x10
 916 06b7 0E       		.byte	0xe
 917 06b8 39       		.byte	0x39
 918 06b9 08       		.byte	0x8
 919 06ba E6060000 		.4byte	0x6e6
 920 06be 08       		.uleb128 0x8
 921 06bf 19020000 		.4byte	.LASF31
 922 06c3 0E       		.byte	0xe
 923 06c4 3A       		.byte	0x3a
 924 06c5 19       		.byte	0x19
 925 06c6 9E020000 		.4byte	0x29e
 926 06ca 00       		.byte	0
 927 06cb 08       		.uleb128 0x8
 928 06cc C0050000 		.4byte	.LASF96
 929 06d0 0E       		.byte	0xe
 930 06d1 3C       		.byte	0x3c
 931 06d2 1A       		.byte	0x1a
 932 06d3 71020000 		.4byte	0x271
 933 06d7 08       		.byte	0x8
 934 06d8 08       		.uleb128 0x8
 935 06d9 D7000000 		.4byte	.LASF50
 936 06dd 0E       		.byte	0xe
 937 06de 3E       		.byte	0x3e
 938 06df 1A       		.byte	0x1a
 939 06e0 60080000 		.4byte	0x860
 940 06e4 0C       		.byte	0xc
 941 06e5 00       		.byte	0
 942 06e6 0C       		.uleb128 0xc
 943 06e7 04       		.byte	0x4
 944 06e8 B1060000 		.4byte	0x6b1
 945 06ec 0C       		.uleb128 0xc
 946 06ed 04       		.byte	0x4
 947 06ee FE060000 		.4byte	0x6fe
 948 06f2 06       		.uleb128 0x6
 949 06f3 EC060000 		.4byte	0x6ec
 950 06f7 04       		.uleb128 0x4
 951 06f8 01       		.byte	0x1
 952 06f9 08       		.byte	0x8
 953 06fa DF050000 		.4byte	.LASF97
 954 06fe 05       		.uleb128 0x5
 955 06ff F7060000 		.4byte	0x6f7
 956 0703 0C       		.uleb128 0xc
 957 0704 04       		.byte	0x4
 958 0705 3D050000 		.4byte	0x53d
 959 0709 0C       		.uleb128 0xc
 960 070a 04       		.byte	0x4
 961 070b 60030000 		.4byte	0x360
 962 070f 19       		.uleb128 0x19
 963 0710 636800   		.ascii	"ch\000"
 964 0713 06       		.byte	0x6
 965 0714 C701     		.2byte	0x1c7
 966 0716 14       		.byte	0x14
 967 0717 3D040000 		.4byte	0x43d
 968 071b 13       		.uleb128 0x13
 969 071c 3D050000 		.4byte	0x53d
ARM GAS  /tmp/ccSJpNz3.s 			page 18


 970 0720 26070000 		.4byte	0x726
 971 0724 1A       		.uleb128 0x1a
 972 0725 00       		.byte	0
 973 0726 11       		.uleb128 0x11
 974 0727 7B050000 		.4byte	.LASF98
 975 072b 0F       		.byte	0xf
 976 072c 1701     		.2byte	0x117
 977 072e 13       		.byte	0x13
 978 072f 1B070000 		.4byte	0x71b
 979 0733 15       		.uleb128 0x15
 980 0734 16       		.byte	0x16
 981 0735 10       		.byte	0x10
 982 0736 34       		.byte	0x34
 983 0737 09       		.byte	0x9
 984 0738 27080000 		.4byte	0x827
 985 073c 08       		.uleb128 0x8
 986 073d 3F010000 		.4byte	.LASF99
 987 0741 10       		.byte	0x10
 988 0742 35       		.byte	0x35
 989 0743 0D       		.byte	0xd
 990 0744 27080000 		.4byte	0x827
 991 0748 00       		.byte	0
 992 0749 08       		.uleb128 0x8
 993 074a AC010000 		.4byte	.LASF100
 994 074e 10       		.byte	0x10
 995 074f 36       		.byte	0x36
 996 0750 0D       		.byte	0xd
 997 0751 B2000000 		.4byte	0xb2
 998 0755 04       		.byte	0x4
 999 0756 08       		.uleb128 0x8
 1000 0757 07010000 		.4byte	.LASF101
 1001 075b 10       		.byte	0x10
 1002 075c 37       		.byte	0x37
 1003 075d 0D       		.byte	0xd
 1004 075e B2000000 		.4byte	0xb2
 1005 0762 05       		.byte	0x5
 1006 0763 08       		.uleb128 0x8
 1007 0764 FD030000 		.4byte	.LASF102
 1008 0768 10       		.byte	0x10
 1009 0769 38       		.byte	0x38
 1010 076a 0D       		.byte	0xd
 1011 076b C3000000 		.4byte	0xc3
 1012 076f 06       		.byte	0x6
 1013 0770 08       		.uleb128 0x8
 1014 0771 68060000 		.4byte	.LASF103
 1015 0775 10       		.byte	0x10
 1016 0776 39       		.byte	0x39
 1017 0777 0D       		.byte	0xd
 1018 0778 B2000000 		.4byte	0xb2
 1019 077c 08       		.byte	0x8
 1020 077d 08       		.uleb128 0x8
 1021 077e 8D050000 		.4byte	.LASF104
 1022 0782 10       		.byte	0x10
 1023 0783 3A       		.byte	0x3a
 1024 0784 0D       		.byte	0xd
 1025 0785 B2000000 		.4byte	0xb2
 1026 0789 09       		.byte	0x9
ARM GAS  /tmp/ccSJpNz3.s 			page 19


 1027 078a 08       		.uleb128 0x8
 1028 078b DF040000 		.4byte	.LASF105
 1029 078f 10       		.byte	0x10
 1030 0790 3B       		.byte	0x3b
 1031 0791 0D       		.byte	0xd
 1032 0792 B2000000 		.4byte	0xb2
 1033 0796 0A       		.byte	0xa
 1034 0797 08       		.uleb128 0x8
 1035 0798 06050000 		.4byte	.LASF106
 1036 079c 10       		.byte	0x10
 1037 079d 3C       		.byte	0x3c
 1038 079e 0D       		.byte	0xd
 1039 079f B2000000 		.4byte	0xb2
 1040 07a3 0B       		.byte	0xb
 1041 07a4 08       		.uleb128 0x8
 1042 07a5 48030000 		.4byte	.LASF107
 1043 07a9 10       		.byte	0x10
 1044 07aa 3D       		.byte	0x3d
 1045 07ab 0D       		.byte	0xd
 1046 07ac B2000000 		.4byte	0xb2
 1047 07b0 0C       		.byte	0xc
 1048 07b1 08       		.uleb128 0x8
 1049 07b2 4F040000 		.4byte	.LASF108
 1050 07b6 10       		.byte	0x10
 1051 07b7 3E       		.byte	0x3e
 1052 07b8 0D       		.byte	0xd
 1053 07b9 B2000000 		.4byte	0xb2
 1054 07bd 0D       		.byte	0xd
 1055 07be 08       		.uleb128 0x8
 1056 07bf 3F060000 		.4byte	.LASF109
 1057 07c3 10       		.byte	0x10
 1058 07c4 3F       		.byte	0x3f
 1059 07c5 0D       		.byte	0xd
 1060 07c6 B2000000 		.4byte	0xb2
 1061 07ca 0E       		.byte	0xe
 1062 07cb 08       		.uleb128 0x8
 1063 07cc 9F060000 		.4byte	.LASF110
 1064 07d0 10       		.byte	0x10
 1065 07d1 40       		.byte	0x40
 1066 07d2 0D       		.byte	0xd
 1067 07d3 B2000000 		.4byte	0xb2
 1068 07d7 0F       		.byte	0xf
 1069 07d8 08       		.uleb128 0x8
 1070 07d9 0F050000 		.4byte	.LASF111
 1071 07dd 10       		.byte	0x10
 1072 07de 41       		.byte	0x41
 1073 07df 0D       		.byte	0xd
 1074 07e0 B2000000 		.4byte	0xb2
 1075 07e4 10       		.byte	0x10
 1076 07e5 08       		.uleb128 0x8
 1077 07e6 E4060000 		.4byte	.LASF112
 1078 07ea 10       		.byte	0x10
 1079 07eb 42       		.byte	0x42
 1080 07ec 0D       		.byte	0xd
 1081 07ed B2000000 		.4byte	0xb2
 1082 07f1 11       		.byte	0x11
 1083 07f2 08       		.uleb128 0x8
ARM GAS  /tmp/ccSJpNz3.s 			page 20


 1084 07f3 5F070000 		.4byte	.LASF113
 1085 07f7 10       		.byte	0x10
 1086 07f8 43       		.byte	0x43
 1087 07f9 0D       		.byte	0xd
 1088 07fa B2000000 		.4byte	0xb2
 1089 07fe 12       		.byte	0x12
 1090 07ff 08       		.uleb128 0x8
 1091 0800 25020000 		.4byte	.LASF114
 1092 0804 10       		.byte	0x10
 1093 0805 44       		.byte	0x44
 1094 0806 0D       		.byte	0xd
 1095 0807 B2000000 		.4byte	0xb2
 1096 080b 13       		.byte	0x13
 1097 080c 08       		.uleb128 0x8
 1098 080d 5D010000 		.4byte	.LASF115
 1099 0811 10       		.byte	0x10
 1100 0812 45       		.byte	0x45
 1101 0813 0D       		.byte	0xd
 1102 0814 B2000000 		.4byte	0xb2
 1103 0818 14       		.byte	0x14
 1104 0819 08       		.uleb128 0x8
 1105 081a 72050000 		.4byte	.LASF116
 1106 081e 10       		.byte	0x10
 1107 081f 46       		.byte	0x46
 1108 0820 0D       		.byte	0xd
 1109 0821 B2000000 		.4byte	0xb2
 1110 0825 15       		.byte	0x15
 1111 0826 00       		.byte	0
 1112 0827 13       		.uleb128 0x13
 1113 0828 F7060000 		.4byte	0x6f7
 1114 082c 37080000 		.4byte	0x837
 1115 0830 14       		.uleb128 0x14
 1116 0831 30000000 		.4byte	0x30
 1117 0835 03       		.byte	0x3
 1118 0836 00       		.byte	0
 1119 0837 03       		.uleb128 0x3
 1120 0838 53010000 		.4byte	.LASF117
 1121 083c 10       		.byte	0x10
 1122 083d 47       		.byte	0x47
 1123 083e 03       		.byte	0x3
 1124 083f 33070000 		.4byte	0x733
 1125 0843 05       		.uleb128 0x5
 1126 0844 37080000 		.4byte	0x837
 1127 0848 12       		.uleb128 0x12
 1128 0849 FD010000 		.4byte	.LASF118
 1129 084d 10       		.byte	0x10
 1130 084e 6C       		.byte	0x6c
 1131 084f 1D       		.byte	0x1d
 1132 0850 43080000 		.4byte	0x843
 1133 0854 03       		.uleb128 0x3
 1134 0855 B1010000 		.4byte	.LASF119
 1135 0859 0E       		.byte	0xe
 1136 085a 34       		.byte	0x34
 1137 085b 19       		.byte	0x19
 1138 085c B1060000 		.4byte	0x6b1
 1139 0860 0C       		.uleb128 0xc
 1140 0861 04       		.byte	0x4
ARM GAS  /tmp/ccSJpNz3.s 			page 21


 1141 0862 54080000 		.4byte	0x854
 1142 0866 04       		.uleb128 0x4
 1143 0867 01       		.byte	0x1
 1144 0868 02       		.byte	0x2
 1145 0869 EA040000 		.4byte	.LASF120
 1146 086d 03       		.uleb128 0x3
 1147 086e 66000000 		.4byte	.LASF121
 1148 0872 11       		.byte	0x11
 1149 0873 47       		.byte	0x47
 1150 0874 11       		.byte	0x11
 1151 0875 79080000 		.4byte	0x879
 1152 0879 0C       		.uleb128 0xc
 1153 087a 04       		.byte	0x4
 1154 087b 7F080000 		.4byte	0x87f
 1155 087f 1B       		.uleb128 0x1b
 1156 0880 5E030000 		.4byte	0x35e
 1157 0884 93080000 		.4byte	0x893
 1158 0888 0F       		.uleb128 0xf
 1159 0889 24000000 		.4byte	0x24
 1160 088d 0F       		.uleb128 0xf
 1161 088e 30000000 		.4byte	0x30
 1162 0892 00       		.byte	0
 1163 0893 15       		.uleb128 0x15
 1164 0894 08       		.byte	0x8
 1165 0895 11       		.byte	0x11
 1166 0896 51       		.byte	0x51
 1167 0897 09       		.byte	0x9
 1168 0898 B7080000 		.4byte	0x8b7
 1169 089c 08       		.uleb128 0x8
 1170 089d 71070000 		.4byte	.LASF122
 1171 08a1 11       		.byte	0x11
 1172 08a2 55       		.byte	0x55
 1173 08a3 0C       		.byte	0xc
 1174 08a4 B7080000 		.4byte	0x8b7
 1175 08a8 00       		.byte	0
 1176 08a9 08       		.uleb128 0x8
 1177 08aa 80030000 		.4byte	.LASF123
 1178 08ae 11       		.byte	0x11
 1179 08af 59       		.byte	0x59
 1180 08b0 0C       		.byte	0xc
 1181 08b1 B7080000 		.4byte	0x8b7
 1182 08b5 04       		.byte	0x4
 1183 08b6 00       		.byte	0
 1184 08b7 0C       		.uleb128 0xc
 1185 08b8 04       		.byte	0x4
 1186 08b9 B2000000 		.4byte	0xb2
 1187 08bd 03       		.uleb128 0x3
 1188 08be 98040000 		.4byte	.LASF124
 1189 08c2 11       		.byte	0x11
 1190 08c3 5A       		.byte	0x5a
 1191 08c4 03       		.byte	0x3
 1192 08c5 93080000 		.4byte	0x893
 1193 08c9 12       		.uleb128 0x12
 1194 08ca 07060000 		.4byte	.LASF125
 1195 08ce 11       		.byte	0x11
 1196 08cf 65       		.byte	0x65
 1197 08d0 12       		.byte	0x12
ARM GAS  /tmp/ccSJpNz3.s 			page 22


 1198 08d1 BD080000 		.4byte	0x8bd
 1199 08d5 07       		.uleb128 0x7
 1200 08d6 93060000 		.4byte	.LASF126
 1201 08da 04       		.byte	0x4
 1202 08db 12       		.byte	0x12
 1203 08dc 38       		.byte	0x38
 1204 08dd 08       		.byte	0x8
 1205 08de F0080000 		.4byte	0x8f0
 1206 08e2 08       		.uleb128 0x8
 1207 08e3 D7000000 		.4byte	.LASF50
 1208 08e7 12       		.byte	0x12
 1209 08e8 39       		.byte	0x39
 1210 08e9 1A       		.byte	0x1a
 1211 08ea F0080000 		.4byte	0x8f0
 1212 08ee 00       		.byte	0
 1213 08ef 00       		.byte	0
 1214 08f0 0C       		.uleb128 0xc
 1215 08f1 04       		.byte	0x4
 1216 08f2 D5080000 		.4byte	0x8d5
 1217 08f6 15       		.uleb128 0x15
 1218 08f7 10       		.byte	0x10
 1219 08f8 12       		.byte	0x12
 1220 08f9 40       		.byte	0x40
 1221 08fa 09       		.byte	0x9
 1222 08fb 34090000 		.4byte	0x934
 1223 08ff 08       		.uleb128 0x8
 1224 0900 D7000000 		.4byte	.LASF50
 1225 0904 12       		.byte	0x12
 1226 0905 41       		.byte	0x41
 1227 0906 1A       		.byte	0x1a
 1228 0907 F0080000 		.4byte	0x8f0
 1229 090b 00       		.byte	0
 1230 090c 08       		.uleb128 0x8
 1231 090d 5C060000 		.4byte	.LASF127
 1232 0911 12       		.byte	0x12
 1233 0912 42       		.byte	0x42
 1234 0913 19       		.byte	0x19
 1235 0914 24000000 		.4byte	0x24
 1236 0918 04       		.byte	0x4
 1237 0919 08       		.uleb128 0x8
 1238 091a B9010000 		.4byte	.LASF128
 1239 091e 12       		.byte	0x12
 1240 091f 44       		.byte	0x44
 1241 0920 19       		.byte	0x19
 1242 0921 30000000 		.4byte	0x30
 1243 0925 08       		.byte	0x8
 1244 0926 08       		.uleb128 0x8
 1245 0927 54000000 		.4byte	.LASF129
 1246 092b 12       		.byte	0x12
 1247 092c 45       		.byte	0x45
 1248 092d 19       		.byte	0x19
 1249 092e 6D080000 		.4byte	0x86d
 1250 0932 0C       		.byte	0xc
 1251 0933 00       		.byte	0
 1252 0934 03       		.uleb128 0x3
 1253 0935 06020000 		.4byte	.LASF130
 1254 0939 12       		.byte	0x12
ARM GAS  /tmp/ccSJpNz3.s 			page 23


 1255 093a 47       		.byte	0x47
 1256 093b 03       		.byte	0x3
 1257 093c F6080000 		.4byte	0x8f6
 1258 0940 07       		.uleb128 0x7
 1259 0941 BF040000 		.4byte	.LASF131
 1260 0945 10       		.byte	0x10
 1261 0946 13       		.byte	0x13
 1262 0947 A9       		.byte	0xa9
 1263 0948 10       		.byte	0x10
 1264 0949 75090000 		.4byte	0x975
 1265 094d 08       		.uleb128 0x8
 1266 094e D7000000 		.4byte	.LASF50
 1267 0952 13       		.byte	0x13
 1268 0953 AD       		.byte	0xad
 1269 0954 1A       		.byte	0x1a
 1270 0955 75090000 		.4byte	0x975
 1271 0959 00       		.byte	0
 1272 095a 08       		.uleb128 0x8
 1273 095b AA040000 		.4byte	.LASF39
 1274 095f 13       		.byte	0x13
 1275 0960 B1       		.byte	0xb1
 1276 0961 19       		.byte	0x19
 1277 0962 5D010000 		.4byte	0x15d
 1278 0966 04       		.byte	0x4
 1279 0967 08       		.uleb128 0x8
 1280 0968 14020000 		.4byte	.LASF35
 1281 096c 13       		.byte	0x13
 1282 096d B3       		.byte	0xb3
 1283 096e 19       		.byte	0x19
 1284 096f 7B090000 		.4byte	0x97b
 1285 0973 08       		.byte	0x8
 1286 0974 00       		.byte	0
 1287 0975 0C       		.uleb128 0xc
 1288 0976 04       		.byte	0x4
 1289 0977 40090000 		.4byte	0x940
 1290 097b 13       		.uleb128 0x13
 1291 097c F7060000 		.4byte	0x6f7
 1292 0980 8B090000 		.4byte	0x98b
 1293 0984 14       		.uleb128 0x14
 1294 0985 30000000 		.4byte	0x30
 1295 0989 07       		.byte	0x7
 1296 098a 00       		.byte	0
 1297 098b 03       		.uleb128 0x3
 1298 098c C9000000 		.4byte	.LASF132
 1299 0990 13       		.byte	0x13
 1300 0991 B7       		.byte	0xb7
 1301 0992 03       		.byte	0x3
 1302 0993 40090000 		.4byte	0x940
 1303 0997 07       		.uleb128 0x7
 1304 0998 43040000 		.4byte	.LASF133
 1305 099c 04       		.byte	0x4
 1306 099d 13       		.byte	0x13
 1307 099e BC       		.byte	0xbc
 1308 099f 10       		.byte	0x10
 1309 09a0 B2090000 		.4byte	0x9b2
 1310 09a4 08       		.uleb128 0x8
 1311 09a5 D7000000 		.4byte	.LASF50
ARM GAS  /tmp/ccSJpNz3.s 			page 24


 1312 09a9 13       		.byte	0x13
 1313 09aa BD       		.byte	0xbd
 1314 09ab 1A       		.byte	0x1a
 1315 09ac B2090000 		.4byte	0x9b2
 1316 09b0 00       		.byte	0
 1317 09b1 00       		.byte	0
 1318 09b2 0C       		.uleb128 0xc
 1319 09b3 04       		.byte	0x4
 1320 09b4 8B090000 		.4byte	0x98b
 1321 09b8 03       		.uleb128 0x3
 1322 09b9 31030000 		.4byte	.LASF134
 1323 09bd 13       		.byte	0x13
 1324 09be BE       		.byte	0xbe
 1325 09bf 03       		.byte	0x3
 1326 09c0 97090000 		.4byte	0x997
 1327 09c4 0D       		.uleb128 0xd
 1328 09c5 70060000 		.4byte	.LASF135
 1329 09c9 48       		.byte	0x48
 1330 09ca 13       		.byte	0x13
 1331 09cb 3E01     		.2byte	0x13e
 1332 09cd 10       		.byte	0x10
 1333 09ce 510A0000 		.4byte	0xa51
 1334 09d2 0A       		.uleb128 0xa
 1335 09d3 6D747800 		.ascii	"mtx\000"
 1336 09d7 13       		.byte	0x13
 1337 09d8 4301     		.2byte	0x143
 1338 09da 19       		.byte	0x19
 1339 09db 54080000 		.4byte	0x854
 1340 09df 00       		.byte	0
 1341 09e0 0B       		.uleb128 0xb
 1342 09e1 EA050000 		.4byte	.LASF136
 1343 09e5 13       		.byte	0x13
 1344 09e6 4A01     		.2byte	0x14a
 1345 09e8 19       		.byte	0x19
 1346 09e9 B8090000 		.4byte	0x9b8
 1347 09ed 10       		.byte	0x10
 1348 09ee 0B       		.uleb128 0xb
 1349 09ef 4B050000 		.4byte	.LASF137
 1350 09f3 13       		.byte	0x13
 1351 09f4 4E01     		.2byte	0x14e
 1352 09f6 19       		.byte	0x19
 1353 09f7 34090000 		.4byte	0x934
 1354 09fb 14       		.byte	0x14
 1355 09fc 0B       		.uleb128 0xb
 1356 09fd D6040000 		.4byte	.LASF138
 1357 0a01 13       		.byte	0x13
 1358 0a02 5301     		.2byte	0x153
 1359 0a04 19       		.byte	0x19
 1360 0a05 B8090000 		.4byte	0x9b8
 1361 0a09 24       		.byte	0x24
 1362 0a0a 0B       		.uleb128 0xb
 1363 0a0b 5D000000 		.4byte	.LASF139
 1364 0a0f 13       		.byte	0x13
 1365 0a10 5901     		.2byte	0x159
 1366 0a12 19       		.byte	0x19
 1367 0a13 B8090000 		.4byte	0x9b8
 1368 0a17 28       		.byte	0x28
ARM GAS  /tmp/ccSJpNz3.s 			page 25


 1369 0a18 0B       		.uleb128 0xb
 1370 0a19 7C040000 		.4byte	.LASF140
 1371 0a1d 13       		.byte	0x13
 1372 0a1e 5D01     		.2byte	0x15d
 1373 0a20 19       		.byte	0x19
 1374 0a21 34090000 		.4byte	0x934
 1375 0a25 2C       		.byte	0x2c
 1376 0a26 0B       		.uleb128 0xb
 1377 0a27 7D010000 		.4byte	.LASF141
 1378 0a2b 13       		.byte	0x13
 1379 0a2c 6301     		.2byte	0x163
 1380 0a2e 19       		.byte	0x19
 1381 0a2f B8090000 		.4byte	0x9b8
 1382 0a33 3C       		.byte	0x3c
 1383 0a34 0B       		.uleb128 0xb
 1384 0a35 C4060000 		.4byte	.LASF142
 1385 0a39 13       		.byte	0x13
 1386 0a3a 6901     		.2byte	0x169
 1387 0a3c 19       		.byte	0x19
 1388 0a3d B8090000 		.4byte	0x9b8
 1389 0a41 40       		.byte	0x40
 1390 0a42 0B       		.uleb128 0xb
 1391 0a43 96050000 		.4byte	.LASF143
 1392 0a47 13       		.byte	0x13
 1393 0a48 6F01     		.2byte	0x16f
 1394 0a4a 19       		.byte	0x19
 1395 0a4b B8090000 		.4byte	0x9b8
 1396 0a4f 44       		.byte	0x44
 1397 0a50 00       		.byte	0
 1398 0a51 1C       		.uleb128 0x1c
 1399 0a52 4D070000 		.4byte	.LASF144
 1400 0a56 13       		.byte	0x13
 1401 0a57 7101     		.2byte	0x171
 1402 0a59 03       		.byte	0x3
 1403 0a5a C4090000 		.4byte	0x9c4
 1404 0a5e 11       		.uleb128 0x11
 1405 0a5f 40050000 		.4byte	.LASF145
 1406 0a63 13       		.byte	0x13
 1407 0a64 7C01     		.2byte	0x17c
 1408 0a66 1A       		.byte	0x1a
 1409 0a67 510A0000 		.4byte	0xa51
 1410 0a6b 00       		.byte	0
 1411              		.section	.gnu.debuglto_.debug_abbrev,"",%progbits
 1412              	.Ldebug_abbrev0:
 1413 0000 01       		.uleb128 0x1
 1414 0001 11       		.uleb128 0x11
 1415 0002 01       		.byte	0x1
 1416 0003 25       		.uleb128 0x25
 1417 0004 0E       		.uleb128 0xe
 1418 0005 13       		.uleb128 0x13
 1419 0006 0B       		.uleb128 0xb
 1420 0007 03       		.uleb128 0x3
 1421 0008 0E       		.uleb128 0xe
 1422 0009 1B       		.uleb128 0x1b
 1423 000a 0E       		.uleb128 0xe
 1424 000b 10       		.uleb128 0x10
 1425 000c 17       		.uleb128 0x17
ARM GAS  /tmp/ccSJpNz3.s 			page 26


 1426 000d 00       		.byte	0
 1427 000e 00       		.byte	0
 1428 000f 02       		.uleb128 0x2
 1429 0010 24       		.uleb128 0x24
 1430 0011 00       		.byte	0
 1431 0012 0B       		.uleb128 0xb
 1432 0013 0B       		.uleb128 0xb
 1433 0014 3E       		.uleb128 0x3e
 1434 0015 0B       		.uleb128 0xb
 1435 0016 03       		.uleb128 0x3
 1436 0017 08       		.uleb128 0x8
 1437 0018 00       		.byte	0
 1438 0019 00       		.byte	0
 1439 001a 03       		.uleb128 0x3
 1440 001b 16       		.uleb128 0x16
 1441 001c 00       		.byte	0
 1442 001d 03       		.uleb128 0x3
 1443 001e 0E       		.uleb128 0xe
 1444 001f 3A       		.uleb128 0x3a
 1445 0020 0B       		.uleb128 0xb
 1446 0021 3B       		.uleb128 0x3b
 1447 0022 0B       		.uleb128 0xb
 1448 0023 39       		.uleb128 0x39
 1449 0024 0B       		.uleb128 0xb
 1450 0025 49       		.uleb128 0x49
 1451 0026 13       		.uleb128 0x13
 1452 0027 00       		.byte	0
 1453 0028 00       		.byte	0
 1454 0029 04       		.uleb128 0x4
 1455 002a 24       		.uleb128 0x24
 1456 002b 00       		.byte	0
 1457 002c 0B       		.uleb128 0xb
 1458 002d 0B       		.uleb128 0xb
 1459 002e 3E       		.uleb128 0x3e
 1460 002f 0B       		.uleb128 0xb
 1461 0030 03       		.uleb128 0x3
 1462 0031 0E       		.uleb128 0xe
 1463 0032 00       		.byte	0
 1464 0033 00       		.byte	0
 1465 0034 05       		.uleb128 0x5
 1466 0035 26       		.uleb128 0x26
 1467 0036 00       		.byte	0
 1468 0037 49       		.uleb128 0x49
 1469 0038 13       		.uleb128 0x13
 1470 0039 00       		.byte	0
 1471 003a 00       		.byte	0
 1472 003b 06       		.uleb128 0x6
 1473 003c 35       		.uleb128 0x35
 1474 003d 00       		.byte	0
 1475 003e 49       		.uleb128 0x49
 1476 003f 13       		.uleb128 0x13
 1477 0040 00       		.byte	0
 1478 0041 00       		.byte	0
 1479 0042 07       		.uleb128 0x7
 1480 0043 13       		.uleb128 0x13
 1481 0044 01       		.byte	0x1
 1482 0045 03       		.uleb128 0x3
ARM GAS  /tmp/ccSJpNz3.s 			page 27


 1483 0046 0E       		.uleb128 0xe
 1484 0047 0B       		.uleb128 0xb
 1485 0048 0B       		.uleb128 0xb
 1486 0049 3A       		.uleb128 0x3a
 1487 004a 0B       		.uleb128 0xb
 1488 004b 3B       		.uleb128 0x3b
 1489 004c 0B       		.uleb128 0xb
 1490 004d 39       		.uleb128 0x39
 1491 004e 0B       		.uleb128 0xb
 1492 004f 01       		.uleb128 0x1
 1493 0050 13       		.uleb128 0x13
 1494 0051 00       		.byte	0
 1495 0052 00       		.byte	0
 1496 0053 08       		.uleb128 0x8
 1497 0054 0D       		.uleb128 0xd
 1498 0055 00       		.byte	0
 1499 0056 03       		.uleb128 0x3
 1500 0057 0E       		.uleb128 0xe
 1501 0058 3A       		.uleb128 0x3a
 1502 0059 0B       		.uleb128 0xb
 1503 005a 3B       		.uleb128 0x3b
 1504 005b 0B       		.uleb128 0xb
 1505 005c 39       		.uleb128 0x39
 1506 005d 0B       		.uleb128 0xb
 1507 005e 49       		.uleb128 0x49
 1508 005f 13       		.uleb128 0x13
 1509 0060 38       		.uleb128 0x38
 1510 0061 0B       		.uleb128 0xb
 1511 0062 00       		.byte	0
 1512 0063 00       		.byte	0
 1513 0064 09       		.uleb128 0x9
 1514 0065 0D       		.uleb128 0xd
 1515 0066 00       		.byte	0
 1516 0067 03       		.uleb128 0x3
 1517 0068 08       		.uleb128 0x8
 1518 0069 3A       		.uleb128 0x3a
 1519 006a 0B       		.uleb128 0xb
 1520 006b 3B       		.uleb128 0x3b
 1521 006c 0B       		.uleb128 0xb
 1522 006d 39       		.uleb128 0x39
 1523 006e 0B       		.uleb128 0xb
 1524 006f 49       		.uleb128 0x49
 1525 0070 13       		.uleb128 0x13
 1526 0071 38       		.uleb128 0x38
 1527 0072 0B       		.uleb128 0xb
 1528 0073 00       		.byte	0
 1529 0074 00       		.byte	0
 1530 0075 0A       		.uleb128 0xa
 1531 0076 0D       		.uleb128 0xd
 1532 0077 00       		.byte	0
 1533 0078 03       		.uleb128 0x3
 1534 0079 08       		.uleb128 0x8
 1535 007a 3A       		.uleb128 0x3a
 1536 007b 0B       		.uleb128 0xb
 1537 007c 3B       		.uleb128 0x3b
 1538 007d 05       		.uleb128 0x5
 1539 007e 39       		.uleb128 0x39
ARM GAS  /tmp/ccSJpNz3.s 			page 28


 1540 007f 0B       		.uleb128 0xb
 1541 0080 49       		.uleb128 0x49
 1542 0081 13       		.uleb128 0x13
 1543 0082 38       		.uleb128 0x38
 1544 0083 0B       		.uleb128 0xb
 1545 0084 00       		.byte	0
 1546 0085 00       		.byte	0
 1547 0086 0B       		.uleb128 0xb
 1548 0087 0D       		.uleb128 0xd
 1549 0088 00       		.byte	0
 1550 0089 03       		.uleb128 0x3
 1551 008a 0E       		.uleb128 0xe
 1552 008b 3A       		.uleb128 0x3a
 1553 008c 0B       		.uleb128 0xb
 1554 008d 3B       		.uleb128 0x3b
 1555 008e 05       		.uleb128 0x5
 1556 008f 39       		.uleb128 0x39
 1557 0090 0B       		.uleb128 0xb
 1558 0091 49       		.uleb128 0x49
 1559 0092 13       		.uleb128 0x13
 1560 0093 38       		.uleb128 0x38
 1561 0094 0B       		.uleb128 0xb
 1562 0095 00       		.byte	0
 1563 0096 00       		.byte	0
 1564 0097 0C       		.uleb128 0xc
 1565 0098 0F       		.uleb128 0xf
 1566 0099 00       		.byte	0
 1567 009a 0B       		.uleb128 0xb
 1568 009b 0B       		.uleb128 0xb
 1569 009c 49       		.uleb128 0x49
 1570 009d 13       		.uleb128 0x13
 1571 009e 00       		.byte	0
 1572 009f 00       		.byte	0
 1573 00a0 0D       		.uleb128 0xd
 1574 00a1 13       		.uleb128 0x13
 1575 00a2 01       		.byte	0x1
 1576 00a3 03       		.uleb128 0x3
 1577 00a4 0E       		.uleb128 0xe
 1578 00a5 0B       		.uleb128 0xb
 1579 00a6 0B       		.uleb128 0xb
 1580 00a7 3A       		.uleb128 0x3a
 1581 00a8 0B       		.uleb128 0xb
 1582 00a9 3B       		.uleb128 0x3b
 1583 00aa 05       		.uleb128 0x5
 1584 00ab 39       		.uleb128 0x39
 1585 00ac 0B       		.uleb128 0xb
 1586 00ad 01       		.uleb128 0x1
 1587 00ae 13       		.uleb128 0x13
 1588 00af 00       		.byte	0
 1589 00b0 00       		.byte	0
 1590 00b1 0E       		.uleb128 0xe
 1591 00b2 15       		.uleb128 0x15
 1592 00b3 01       		.byte	0x1
 1593 00b4 27       		.uleb128 0x27
 1594 00b5 19       		.uleb128 0x19
 1595 00b6 01       		.uleb128 0x1
 1596 00b7 13       		.uleb128 0x13
ARM GAS  /tmp/ccSJpNz3.s 			page 29


 1597 00b8 00       		.byte	0
 1598 00b9 00       		.byte	0
 1599 00ba 0F       		.uleb128 0xf
 1600 00bb 05       		.uleb128 0x5
 1601 00bc 00       		.byte	0
 1602 00bd 49       		.uleb128 0x49
 1603 00be 13       		.uleb128 0x13
 1604 00bf 00       		.byte	0
 1605 00c0 00       		.byte	0
 1606 00c1 10       		.uleb128 0x10
 1607 00c2 0F       		.uleb128 0xf
 1608 00c3 00       		.byte	0
 1609 00c4 0B       		.uleb128 0xb
 1610 00c5 0B       		.uleb128 0xb
 1611 00c6 00       		.byte	0
 1612 00c7 00       		.byte	0
 1613 00c8 11       		.uleb128 0x11
 1614 00c9 34       		.uleb128 0x34
 1615 00ca 00       		.byte	0
 1616 00cb 03       		.uleb128 0x3
 1617 00cc 0E       		.uleb128 0xe
 1618 00cd 3A       		.uleb128 0x3a
 1619 00ce 0B       		.uleb128 0xb
 1620 00cf 3B       		.uleb128 0x3b
 1621 00d0 05       		.uleb128 0x5
 1622 00d1 39       		.uleb128 0x39
 1623 00d2 0B       		.uleb128 0xb
 1624 00d3 49       		.uleb128 0x49
 1625 00d4 13       		.uleb128 0x13
 1626 00d5 3F       		.uleb128 0x3f
 1627 00d6 19       		.uleb128 0x19
 1628 00d7 3C       		.uleb128 0x3c
 1629 00d8 19       		.uleb128 0x19
 1630 00d9 00       		.byte	0
 1631 00da 00       		.byte	0
 1632 00db 12       		.uleb128 0x12
 1633 00dc 34       		.uleb128 0x34
 1634 00dd 00       		.byte	0
 1635 00de 03       		.uleb128 0x3
 1636 00df 0E       		.uleb128 0xe
 1637 00e0 3A       		.uleb128 0x3a
 1638 00e1 0B       		.uleb128 0xb
 1639 00e2 3B       		.uleb128 0x3b
 1640 00e3 0B       		.uleb128 0xb
 1641 00e4 39       		.uleb128 0x39
 1642 00e5 0B       		.uleb128 0xb
 1643 00e6 49       		.uleb128 0x49
 1644 00e7 13       		.uleb128 0x13
 1645 00e8 3F       		.uleb128 0x3f
 1646 00e9 19       		.uleb128 0x19
 1647 00ea 3C       		.uleb128 0x3c
 1648 00eb 19       		.uleb128 0x19
 1649 00ec 00       		.byte	0
 1650 00ed 00       		.byte	0
 1651 00ee 13       		.uleb128 0x13
 1652 00ef 01       		.uleb128 0x1
 1653 00f0 01       		.byte	0x1
ARM GAS  /tmp/ccSJpNz3.s 			page 30


 1654 00f1 49       		.uleb128 0x49
 1655 00f2 13       		.uleb128 0x13
 1656 00f3 01       		.uleb128 0x1
 1657 00f4 13       		.uleb128 0x13
 1658 00f5 00       		.byte	0
 1659 00f6 00       		.byte	0
 1660 00f7 14       		.uleb128 0x14
 1661 00f8 21       		.uleb128 0x21
 1662 00f9 00       		.byte	0
 1663 00fa 49       		.uleb128 0x49
 1664 00fb 13       		.uleb128 0x13
 1665 00fc 2F       		.uleb128 0x2f
 1666 00fd 0B       		.uleb128 0xb
 1667 00fe 00       		.byte	0
 1668 00ff 00       		.byte	0
 1669 0100 15       		.uleb128 0x15
 1670 0101 13       		.uleb128 0x13
 1671 0102 01       		.byte	0x1
 1672 0103 0B       		.uleb128 0xb
 1673 0104 0B       		.uleb128 0xb
 1674 0105 3A       		.uleb128 0x3a
 1675 0106 0B       		.uleb128 0xb
 1676 0107 3B       		.uleb128 0x3b
 1677 0108 0B       		.uleb128 0xb
 1678 0109 39       		.uleb128 0x39
 1679 010a 0B       		.uleb128 0xb
 1680 010b 01       		.uleb128 0x1
 1681 010c 13       		.uleb128 0x13
 1682 010d 00       		.byte	0
 1683 010e 00       		.byte	0
 1684 010f 16       		.uleb128 0x16
 1685 0110 17       		.uleb128 0x17
 1686 0111 01       		.byte	0x1
 1687 0112 0B       		.uleb128 0xb
 1688 0113 0B       		.uleb128 0xb
 1689 0114 3A       		.uleb128 0x3a
 1690 0115 0B       		.uleb128 0xb
 1691 0116 3B       		.uleb128 0x3b
 1692 0117 0B       		.uleb128 0xb
 1693 0118 39       		.uleb128 0x39
 1694 0119 0B       		.uleb128 0xb
 1695 011a 01       		.uleb128 0x1
 1696 011b 13       		.uleb128 0x13
 1697 011c 00       		.byte	0
 1698 011d 00       		.byte	0
 1699 011e 17       		.uleb128 0x17
 1700 011f 0D       		.uleb128 0xd
 1701 0120 00       		.byte	0
 1702 0121 03       		.uleb128 0x3
 1703 0122 0E       		.uleb128 0xe
 1704 0123 3A       		.uleb128 0x3a
 1705 0124 0B       		.uleb128 0xb
 1706 0125 3B       		.uleb128 0x3b
 1707 0126 0B       		.uleb128 0xb
 1708 0127 39       		.uleb128 0x39
 1709 0128 0B       		.uleb128 0xb
 1710 0129 49       		.uleb128 0x49
ARM GAS  /tmp/ccSJpNz3.s 			page 31


 1711 012a 13       		.uleb128 0x13
 1712 012b 00       		.byte	0
 1713 012c 00       		.byte	0
 1714 012d 18       		.uleb128 0x18
 1715 012e 0D       		.uleb128 0xd
 1716 012f 00       		.byte	0
 1717 0130 03       		.uleb128 0x3
 1718 0131 0E       		.uleb128 0xe
 1719 0132 3A       		.uleb128 0x3a
 1720 0133 0B       		.uleb128 0xb
 1721 0134 3B       		.uleb128 0x3b
 1722 0135 05       		.uleb128 0x5
 1723 0136 39       		.uleb128 0x39
 1724 0137 0B       		.uleb128 0xb
 1725 0138 49       		.uleb128 0x49
 1726 0139 13       		.uleb128 0x13
 1727 013a 00       		.byte	0
 1728 013b 00       		.byte	0
 1729 013c 19       		.uleb128 0x19
 1730 013d 34       		.uleb128 0x34
 1731 013e 00       		.byte	0
 1732 013f 03       		.uleb128 0x3
 1733 0140 08       		.uleb128 0x8
 1734 0141 3A       		.uleb128 0x3a
 1735 0142 0B       		.uleb128 0xb
 1736 0143 3B       		.uleb128 0x3b
 1737 0144 05       		.uleb128 0x5
 1738 0145 39       		.uleb128 0x39
 1739 0146 0B       		.uleb128 0xb
 1740 0147 49       		.uleb128 0x49
 1741 0148 13       		.uleb128 0x13
 1742 0149 3F       		.uleb128 0x3f
 1743 014a 19       		.uleb128 0x19
 1744 014b 3C       		.uleb128 0x3c
 1745 014c 19       		.uleb128 0x19
 1746 014d 00       		.byte	0
 1747 014e 00       		.byte	0
 1748 014f 1A       		.uleb128 0x1a
 1749 0150 21       		.uleb128 0x21
 1750 0151 00       		.byte	0
 1751 0152 00       		.byte	0
 1752 0153 00       		.byte	0
 1753 0154 1B       		.uleb128 0x1b
 1754 0155 15       		.uleb128 0x15
 1755 0156 01       		.byte	0x1
 1756 0157 27       		.uleb128 0x27
 1757 0158 19       		.uleb128 0x19
 1758 0159 49       		.uleb128 0x49
 1759 015a 13       		.uleb128 0x13
 1760 015b 01       		.uleb128 0x1
 1761 015c 13       		.uleb128 0x13
 1762 015d 00       		.byte	0
 1763 015e 00       		.byte	0
 1764 015f 1C       		.uleb128 0x1c
 1765 0160 16       		.uleb128 0x16
 1766 0161 00       		.byte	0
 1767 0162 03       		.uleb128 0x3
ARM GAS  /tmp/ccSJpNz3.s 			page 32


 1768 0163 0E       		.uleb128 0xe
 1769 0164 3A       		.uleb128 0x3a
 1770 0165 0B       		.uleb128 0xb
 1771 0166 3B       		.uleb128 0x3b
 1772 0167 05       		.uleb128 0x5
 1773 0168 39       		.uleb128 0x39
 1774 0169 0B       		.uleb128 0xb
 1775 016a 49       		.uleb128 0x49
 1776 016b 13       		.uleb128 0x13
 1777 016c 00       		.byte	0
 1778 016d 00       		.byte	0
 1779 016e 00       		.byte	0
 1780              		.section	.gnu.debuglto_.debug_line,"",%progbits
 1781              	.Ldebug_line0:
 1782 0000 94040000 		.4byte	.LELT0-.LSLT0
 1783              	.LSLT0:
 1784 0004 0400     		.2byte	0x4
 1785 0006 8E040000 		.4byte	.LELTP0-.LASLTP0
 1786              	.LASLTP0:
 1787 000a 01       		.byte	0x1
 1788 000b 01       		.byte	0x1
 1789 000c 01       		.byte	0x1
 1790 000d F6       		.byte	0xf6
 1791 000e F2       		.byte	0xf2
 1792 000f 0D       		.byte	0xd
 1793 0010 00       		.byte	0
 1794 0011 01       		.byte	0x1
 1795 0012 01       		.byte	0x1
 1796 0013 01       		.byte	0x1
 1797 0014 01       		.byte	0x1
 1798 0015 00       		.byte	0
 1799 0016 00       		.byte	0
 1800 0017 00       		.byte	0
 1801 0018 01       		.byte	0x1
 1802 0019 00       		.byte	0
 1803 001a 00       		.byte	0
 1804 001b 01       		.byte	0x1
 1805 001c 2F686F6D 		.ascii	"/home/antodom/installations/ChibiStudio/chibios_sta"
 1805      652F616E 
 1805      746F646F 
 1805      6D2F696E 
 1805      7374616C 
 1806 004f 626C652D 		.ascii	"ble-19.1.x/os/common/ext/ARM/CMSIS/Core/Include"
 1806      31392E31 
 1806      2E782F6F 
 1806      732F636F 
 1806      6D6D6F6E 
 1807 007e 00       		.byte	0
 1808 007f 2F686F6D 		.ascii	"/home/antodom/installations/ChibiStudio/chibios_sta"
 1808      652F616E 
 1808      746F646F 
 1808      6D2F696E 
 1808      7374616C 
 1809 00b2 626C652D 		.ascii	"ble-19.1.x/os/common/ext/ST/STM32L4xx"
 1809      31392E31 
 1809      2E782F6F 
 1809      732F636F 
ARM GAS  /tmp/ccSJpNz3.s 			page 33


 1809      6D6D6F6E 
 1810 00d7 00       		.byte	0
 1811 00d8 2F686F6D 		.ascii	"/home/antodom/installations/ChibiStudio/chibios_sta"
 1811      652F616E 
 1811      746F646F 
 1811      6D2F696E 
 1811      7374616C 
 1812 010b 626C652D 		.ascii	"ble-19.1.x/os/common/ports/ARMCMx"
 1812      31392E31 
 1812      2E782F6F 
 1812      732F636F 
 1812      6D6D6F6E 
 1813 012c 00       		.byte	0
 1814 012d 2F686F6D 		.ascii	"/home/antodom/installations/ChibiStudio/chibios_sta"
 1814      652F616E 
 1814      746F646F 
 1814      6D2F696E 
 1814      7374616C 
 1815 0160 626C652D 		.ascii	"ble-19.1.x/os/common/ports/ARMCMx/compilers/GCC"
 1815      31392E31 
 1815      2E782F6F 
 1815      732F636F 
 1815      6D6D6F6E 
 1816 018f 00       		.byte	0
 1817 0190 2F686F6D 		.ascii	"/home/antodom/installations/ChibiStudio/chibios_sta"
 1817      652F616E 
 1817      746F646F 
 1817      6D2F696E 
 1817      7374616C 
 1818 01c3 626C652D 		.ascii	"ble-19.1.x/os/oslib/include"
 1818      31392E31 
 1818      2E782F6F 
 1818      732F6F73 
 1818      6C69622F 
 1819 01de 00       		.byte	0
 1820 01df 2F686F6D 		.ascii	"/home/antodom/installations/ChibiStudio/chibios_sta"
 1820      652F616E 
 1820      746F646F 
 1820      6D2F696E 
 1820      7374616C 
 1821 0212 626C652D 		.ascii	"ble-19.1.x/os/rt/include"
 1821      31392E31 
 1821      2E782F6F 
 1821      732F7274 
 1821      2F696E63 
 1822 022a 00       		.byte	0
 1823 022b 2F686F6D 		.ascii	"/home/antodom/installations/ChibiStudio/tools/GNU T"
 1823      652F616E 
 1823      746F646F 
 1823      6D2F696E 
 1823      7374616C 
 1824 025e 6F6F6C73 		.ascii	"ools ARM Embedded/8.3.1 2019q3/arm-none-eabi/includ"
 1824      2041524D 
 1824      20456D62 
 1824      65646465 
 1824      642F382E 
 1825 0291 652F6D61 		.ascii	"e/machine"
ARM GAS  /tmp/ccSJpNz3.s 			page 34


 1825      6368696E 
 1825      65
 1826 029a 00       		.byte	0
 1827 029b 2F686F6D 		.ascii	"/home/antodom/installations/ChibiStudio/tools/GNU T"
 1827      652F616E 
 1827      746F646F 
 1827      6D2F696E 
 1827      7374616C 
 1828 02ce 6F6F6C73 		.ascii	"ools ARM Embedded/8.3.1 2019q3/arm-none-eabi/includ"
 1828      2041524D 
 1828      20456D62 
 1828      65646465 
 1828      642F382E 
 1829 0301 652F7379 		.ascii	"e/sys"
 1829      73
 1830 0306 00       		.byte	0
 1831 0307 2F686F6D 		.ascii	"/home/antodom/installations/ChibiStudio/tools/GNU T"
 1831      652F616E 
 1831      746F646F 
 1831      6D2F696E 
 1831      7374616C 
 1832 033a 6F6F6C73 		.ascii	"ools ARM Embedded/8.3.1 2019q3/lib/gcc/arm-none-eab"
 1832      2041524D 
 1832      20456D62 
 1832      65646465 
 1832      642F382E 
 1833 036d 692F382E 		.ascii	"i/8.3.1/include"
 1833      332E312F 
 1833      696E636C 
 1833      756465
 1834 037c 00       		.byte	0
 1835 037d 00       		.byte	0
 1836 037e 73746464 		.ascii	"stddef.h\000"
 1836      65662E68 
 1836      00
 1837 0387 09       		.uleb128 0x9
 1838 0388 00       		.uleb128 0
 1839 0389 00       		.uleb128 0
 1840 038a 5F646566 		.ascii	"_default_types.h\000"
 1840      61756C74 
 1840      5F747970 
 1840      65732E68 
 1840      00
 1841 039b 07       		.uleb128 0x7
 1842 039c 00       		.uleb128 0
 1843 039d 00       		.uleb128 0
 1844 039e 5F737464 		.ascii	"_stdint.h\000"
 1844      696E742E 
 1844      6800
 1845 03a8 08       		.uleb128 0x8
 1846 03a9 00       		.uleb128 0
 1847 03aa 00       		.uleb128 0
 1848 03ab 636F6D70 		.ascii	"compilers/GCC/chtypes.h\000"
 1848      696C6572 
 1848      732F4743 
 1848      432F6368 
 1848      74797065 
ARM GAS  /tmp/ccSJpNz3.s 			page 35


 1849 03c3 03       		.uleb128 0x3
 1850 03c4 00       		.uleb128 0
 1851 03c5 00       		.uleb128 0
 1852 03c6 63687379 		.ascii	"chsystypes.h\000"
 1852      73747970 
 1852      65732E68 
 1852      00
 1853 03d3 06       		.uleb128 0x6
 1854 03d4 00       		.uleb128 0
 1855 03d5 00       		.uleb128 0
 1856 03d6 63687363 		.ascii	"chschd.h\000"
 1856      68642E68 
 1856      00
 1857 03df 06       		.uleb128 0x6
 1858 03e0 00       		.uleb128 0
 1859 03e1 00       		.uleb128 0
 1860 03e2 63687469 		.ascii	"chtime.h\000"
 1860      6D652E68 
 1860      00
 1861 03eb 06       		.uleb128 0x6
 1862 03ec 00       		.uleb128 0
 1863 03ed 00       		.uleb128 0
 1864 03ee 636F7265 		.ascii	"core_cm4.h\000"
 1864      5F636D34 
 1864      2E6800
 1865 03f9 01       		.uleb128 0x1
 1866 03fa 00       		.uleb128 0
 1867 03fb 00       		.uleb128 0
 1868 03fc 73797374 		.ascii	"system_stm32l4xx.h\000"
 1868      656D5F73 
 1868      746D3332 
 1868      6C347878 
 1868      2E6800
 1869 040f 02       		.uleb128 0x2
 1870 0410 00       		.uleb128 0
 1871 0411 00       		.uleb128 0
 1872 0412 6368636F 		.ascii	"chcore.h\000"
 1872      72652E68 
 1872      00
 1873 041b 03       		.uleb128 0x3
 1874 041c 00       		.uleb128 0
 1875 041d 00       		.uleb128 0
 1876 041e 6368636F 		.ascii	"chcore_v7m.h\000"
 1876      72655F76 
 1876      376D2E68 
 1876      00
 1877 042b 03       		.uleb128 0x3
 1878 042c 00       		.uleb128 0
 1879 042d 00       		.uleb128 0
 1880 042e 6368746D 		.ascii	"chtm.h\000"
 1880      2E6800
 1881 0435 06       		.uleb128 0x6
 1882 0436 00       		.uleb128 0
 1883 0437 00       		.uleb128 0
 1884 0438 63687365 		.ascii	"chsem.h\000"
 1884      6D2E6800 
 1885 0440 06       		.uleb128 0x6
ARM GAS  /tmp/ccSJpNz3.s 			page 36


 1886 0441 00       		.uleb128 0
 1887 0442 00       		.uleb128 0
 1888 0443 63686D74 		.ascii	"chmtx.h\000"
 1888      782E6800 
 1889 044b 06       		.uleb128 0x6
 1890 044c 00       		.uleb128 0
 1891 044d 00       		.uleb128 0
 1892 044e 63687379 		.ascii	"chsys.h\000"
 1892      732E6800 
 1893 0456 06       		.uleb128 0x6
 1894 0457 00       		.uleb128 0
 1895 0458 00       		.uleb128 0
 1896 0459 63687265 		.ascii	"chregistry.h\000"
 1896      67697374 
 1896      72792E68 
 1896      00
 1897 0466 06       		.uleb128 0x6
 1898 0467 00       		.uleb128 0
 1899 0468 00       		.uleb128 0
 1900 0469 63686D65 		.ascii	"chmemcore.h\000"
 1900      6D636F72 
 1900      652E6800 
 1901 0475 05       		.uleb128 0x5
 1902 0476 00       		.uleb128 0
 1903 0477 00       		.uleb128 0
 1904 0478 63686D65 		.ascii	"chmempools.h\000"
 1904      6D706F6F 
 1904      6C732E68 
 1904      00
 1905 0485 05       		.uleb128 0x5
 1906 0486 00       		.uleb128 0
 1907 0487 00       		.uleb128 0
 1908 0488 63686661 		.ascii	"chfactory.h\000"
 1908      63746F72 
 1908      792E6800 
 1909 0494 05       		.uleb128 0x5
 1910 0495 00       		.uleb128 0
 1911 0496 00       		.uleb128 0
 1912 0497 00       		.byte	0
 1913              	.LELTP0:
 1914              	.LELT0:
 1915              		.section	.gnu.debuglto_.debug_str,"MS",%progbits,1
 1916              	.LASF54:
 1917 0000 72656164 		.ascii	"ready_list_t\000"
 1917      795F6C69 
 1917      73745F74 
 1917      00
 1918              	.LASF4:
 1919 000d 73697A65 		.ascii	"size_t\000"
 1919      5F7400
 1920              	.LASF60:
 1921 0014 64656C74 		.ascii	"delta\000"
 1921      6100
 1922              	.LASF86:
 1923 001a 7264796D 		.ascii	"rdymsg\000"
 1923      736700
 1924              	.LASF20:
ARM GAS  /tmp/ccSJpNz3.s 			page 37


 1925 0021 75696E74 		.ascii	"uint64_t\000"
 1925      36345F74 
 1925      00
 1926              	.LASF5:
 1927 002a 5F5F7569 		.ascii	"__uint8_t\000"
 1927      6E74385F 
 1927      7400
 1928              	.LASF53:
 1929 0034 70726576 		.ascii	"prev\000"
 1929      00
 1930              	.LASF83:
 1931 0039 706F7274 		.ascii	"port_intctx\000"
 1931      5F696E74 
 1931      63747800 
 1932              	.LASF65:
 1933 0045 73797374 		.ascii	"system_debug_t\000"
 1933      656D5F64 
 1933      65627567 
 1933      5F7400
 1934              	.LASF129:
 1935 0054 70726F76 		.ascii	"provider\000"
 1935      69646572 
 1935      00
 1936              	.LASF139:
 1937 005d 73656D5F 		.ascii	"sem_list\000"
 1937      6C697374 
 1937      00
 1938              	.LASF121:
 1939 0066 6D656D67 		.ascii	"memgetfunc_t\000"
 1939      65746675 
 1939      6E635F74 
 1939      00
 1940              	.LASF15:
 1941 0073 6C6F6E67 		.ascii	"long long unsigned int\000"
 1941      206C6F6E 
 1941      6720756E 
 1941      7369676E 
 1941      65642069 
 1942              	.LASF87:
 1943 008a 65786974 		.ascii	"exitcode\000"
 1943      636F6465 
 1943      00
 1944              	.LASF72:
 1945 0093 6D61696E 		.ascii	"mainthread\000"
 1945      74687265 
 1945      616400
 1946              	.LASF90:
 1947 009e 73656E74 		.ascii	"sentmsg\000"
 1947      6D736700 
 1948              	.LASF62:
 1949 00a6 76697274 		.ascii	"virtual_timers_list_t\000"
 1949      75616C5F 
 1949      74696D65 
 1949      72735F6C 
 1949      6973745F 
 1950              	.LASF75:
 1951 00bc 49544D5F 		.ascii	"ITM_RxBuffer\000"
ARM GAS  /tmp/ccSJpNz3.s 			page 38


 1951      52784275 
 1951      66666572 
 1951      00
 1952              	.LASF132:
 1953 00c9 64796E5F 		.ascii	"dyn_element_t\000"
 1953      656C656D 
 1953      656E745F 
 1953      7400
 1954              	.LASF50:
 1955 00d7 6E657874 		.ascii	"next\000"
 1955      00
 1956              	.LASF52:
 1957 00dc 63685F74 		.ascii	"ch_threads_queue\000"
 1957      68726561 
 1957      64735F71 
 1957      75657565 
 1957      00
 1958              	.LASF1:
 1959 00ed 6C6F6E67 		.ascii	"long long int\000"
 1959      206C6F6E 
 1959      6720696E 
 1959      7400
 1960              	.LASF3:
 1961 00fb 7369676E 		.ascii	"signed char\000"
 1961      65642063 
 1961      68617200 
 1962              	.LASF101:
 1963 0107 73697A65 		.ascii	"size\000"
 1963      00
 1964              	.LASF70:
 1965 010c 726C6973 		.ascii	"rlist\000"
 1965      7400
 1966              	.LASF71:
 1967 0112 76746C69 		.ascii	"vtlist\000"
 1967      737400
 1968              	.LASF41:
 1969 0119 6D736771 		.ascii	"msgqueue\000"
 1969      75657565 
 1969      00
 1970              	.LASF37:
 1971 0122 73746174 		.ascii	"state\000"
 1971      6500
 1972              	.LASF11:
 1973 0128 6C6F6E67 		.ascii	"long int\000"
 1973      20696E74 
 1973      00
 1974              	.LASF23:
 1975 0131 74737461 		.ascii	"tstate_t\000"
 1975      74655F74 
 1975      00
 1976              	.LASF61:
 1977 013a 66756E63 		.ascii	"func\000"
 1977      00
 1978              	.LASF99:
 1979 013f 6964656E 		.ascii	"identifier\000"
 1979      74696669 
 1979      657200
ARM GAS  /tmp/ccSJpNz3.s 			page 39


 1980              	.LASF17:
 1981 014a 75696E74 		.ascii	"uint16_t\000"
 1981      31365F74 
 1981      00
 1982              	.LASF117:
 1983 0153 63686465 		.ascii	"chdebug_t\000"
 1983      6275675F 
 1983      7400
 1984              	.LASF115:
 1985 015d 6F66665F 		.ascii	"off_preempt\000"
 1985      70726565 
 1985      6D707400 
 1986              	.LASF12:
 1987 0169 5F5F7569 		.ascii	"__uint32_t\000"
 1987      6E743332 
 1987      5F7400
 1988              	.LASF80:
 1989 0174 72656761 		.ascii	"regarm_t\000"
 1989      726D5F74 
 1989      00
 1990              	.LASF141:
 1991 017d 6D62785F 		.ascii	"mbx_list\000"
 1991      6C697374 
 1991      00
 1992              	.LASF66:
 1993 0186 63685F73 		.ascii	"ch_system_debug\000"
 1993      79737465 
 1993      6D5F6465 
 1993      62756700 
 1994              	.LASF40:
 1995 0196 77616974 		.ascii	"waiting\000"
 1995      696E6700 
 1996              	.LASF78:
 1997 019e 41504250 		.ascii	"APBPrescTable\000"
 1997      72657363 
 1997      5461626C 
 1997      6500
 1998              	.LASF100:
 1999 01ac 7A65726F 		.ascii	"zero\000"
 1999      00
 2000              	.LASF119:
 2001 01b1 6D757465 		.ascii	"mutex_t\000"
 2001      785F7400 
 2002              	.LASF128:
 2003 01b9 616C6967 		.ascii	"align\000"
 2003      6E00
 2004              	.LASF74:
 2005 01bf 73797369 		.ascii	"sysinterval_t\000"
 2005      6E746572 
 2005      76616C5F 
 2005      7400
 2006              	.LASF28:
 2007 01cd 636E745F 		.ascii	"cnt_t\000"
 2007      7400
 2008              	.LASF0:
 2009 01d3 756E7369 		.ascii	"unsigned int\000"
 2009      676E6564 
ARM GAS  /tmp/ccSJpNz3.s 			page 40


 2009      20696E74 
 2009      00
 2010              	.LASF76:
 2011 01e0 53797374 		.ascii	"SystemCoreClock\000"
 2011      656D436F 
 2011      7265436C 
 2011      6F636B00 
 2012              	.LASF91:
 2013 01f0 77747365 		.ascii	"wtsemp\000"
 2013      6D7000
 2014              	.LASF89:
 2015 01f7 77747472 		.ascii	"wttrp\000"
 2015      7000
 2016              	.LASF118:
 2017 01fd 63685F64 		.ascii	"ch_debug\000"
 2017      65627567 
 2017      00
 2018              	.LASF130:
 2019 0206 6D656D6F 		.ascii	"memory_pool_t\000"
 2019      72795F70 
 2019      6F6F6C5F 
 2019      7400
 2020              	.LASF35:
 2021 0214 6E616D65 		.ascii	"name\000"
 2021      00
 2022              	.LASF31:
 2023 0219 71756575 		.ascii	"queue\000"
 2023      6500
 2024              	.LASF45:
 2025 021f 6D706F6F 		.ascii	"mpool\000"
 2025      6C00
 2026              	.LASF114:
 2027 0225 6F66665F 		.ascii	"off_refs\000"
 2027      72656673 
 2027      00
 2028              	.LASF146:
 2029 022e 474E5520 		.ascii	"GNU C17 8.3.1 20190703 (release) [gcc-8-branch revi"
 2029      43313720 
 2029      382E332E 
 2029      31203230 
 2029      31393037 
 2030 0261 73696F6E 		.ascii	"sion 273027] -mcpu=cortex-m4 -mthumb -mfloat-abi=so"
 2030      20323733 
 2030      3032375D 
 2030      202D6D63 
 2030      70753D63 
 2031 0294 6674202D 		.ascii	"ft -march=armv7e-m -ggdb -O2 -fomit-frame-pointer -"
 2031      6D617263 
 2031      683D6172 
 2031      6D763765 
 2031      2D6D202D 
 2032 02c7 66616C69 		.ascii	"falign-functions=16 -ffunction-sections -fdata-sect"
 2032      676E2D66 
 2032      756E6374 
 2032      696F6E73 
 2032      3D313620 
 2033 02fa 696F6E73 		.ascii	"ions -fno-common -flto\000"
ARM GAS  /tmp/ccSJpNz3.s 			page 41


 2033      202D666E 
 2033      6F2D636F 
 2033      6D6D6F6E 
 2033      202D666C 
 2034              	.LASF48:
 2035 0311 63685F74 		.ascii	"ch_thread\000"
 2035      68726561 
 2035      6400
 2036              	.LASF26:
 2037 031b 6D73675F 		.ascii	"msg_t\000"
 2037      7400
 2038              	.LASF29:
 2039 0321 75636E74 		.ascii	"ucnt_t\000"
 2039      5F7400
 2040              	.LASF42:
 2041 0328 6570656E 		.ascii	"epending\000"
 2041      64696E67 
 2041      00
 2042              	.LASF134:
 2043 0331 64796E5F 		.ascii	"dyn_list_t\000"
 2043      6C697374 
 2043      5F7400
 2044              	.LASF68:
 2045 033c 63685F73 		.ascii	"ch_system_t\000"
 2045      79737465 
 2045      6D5F7400 
 2046              	.LASF107:
 2047 0348 6F66665F 		.ascii	"off_ctx\000"
 2047      63747800 
 2048              	.LASF22:
 2049 0350 746D6F64 		.ascii	"tmode_t\000"
 2049      655F7400 
 2050              	.LASF55:
 2051 0358 63685F72 		.ascii	"ch_ready_list\000"
 2051      65616479 
 2051      5F6C6973 
 2051      7400
 2052              	.LASF27:
 2053 0366 6576656E 		.ascii	"eventmask_t\000"
 2053      746D6173 
 2053      6B5F7400 
 2054              	.LASF77:
 2055 0372 41484250 		.ascii	"AHBPrescTable\000"
 2055      72657363 
 2055      5461626C 
 2055      6500
 2056              	.LASF123:
 2057 0380 656E646D 		.ascii	"endmem\000"
 2057      656D00
 2058              	.LASF10:
 2059 0387 5F5F696E 		.ascii	"__int32_t\000"
 2059      7433325F 
 2059      7400
 2060              	.LASF147:
 2061 0391 2F686F6D 		.ascii	"/home/antodom/installations/ChibiStudio/chibios_sta"
 2061      652F616E 
 2061      746F646F 
ARM GAS  /tmp/ccSJpNz3.s 			page 42


 2061      6D2F696E 
 2061      7374616C 
 2062 03c4 626C652D 		.ascii	"ble-19.1.x/os/rt/src/chtrace.c\000"
 2062      31392E31 
 2062      2E782F6F 
 2062      732F7274 
 2062      2F737263 
 2063              	.LASF81:
 2064 03e3 73746B61 		.ascii	"stkalign_t\000"
 2064      6C69676E 
 2064      5F7400
 2065              	.LASF33:
 2066 03ee 6E657765 		.ascii	"newer\000"
 2066      7200
 2067              	.LASF44:
 2068 03f4 7265616C 		.ascii	"realprio\000"
 2068      7072696F 
 2068      00
 2069              	.LASF102:
 2070 03fd 76657273 		.ascii	"version\000"
 2070      696F6E00 
 2071              	.LASF21:
 2072 0405 7274636E 		.ascii	"rtcnt_t\000"
 2072      745F7400 
 2073              	.LASF46:
 2074 040d 74687265 		.ascii	"thread_reference_t\000"
 2074      61645F72 
 2074      65666572 
 2074      656E6365 
 2074      5F7400
 2075              	.LASF63:
 2076 0420 63685F76 		.ascii	"ch_virtual_timers_list\000"
 2076      69727475 
 2076      616C5F74 
 2076      696D6572 
 2076      735F6C69 
 2077              	.LASF2:
 2078 0437 6C6F6E67 		.ascii	"long double\000"
 2078      20646F75 
 2078      626C6500 
 2079              	.LASF133:
 2080 0443 63685F64 		.ascii	"ch_dyn_list\000"
 2080      796E5F6C 
 2080      69737400 
 2081              	.LASF108:
 2082 044f 6F66665F 		.ascii	"off_newer\000"
 2082      6E657765 
 2082      7200
 2083              	.LASF82:
 2084 0459 706F7274 		.ascii	"port_context\000"
 2084      5F636F6E 
 2084      74657874 
 2084      00
 2085              	.LASF85:
 2086 0466 746D5F63 		.ascii	"tm_calibration_t\000"
 2086      616C6962 
 2086      72617469 
ARM GAS  /tmp/ccSJpNz3.s 			page 43


 2086      6F6E5F74 
 2086      00
 2087              	.LASF32:
 2088 0477 7072696F 		.ascii	"prio\000"
 2088      00
 2089              	.LASF140:
 2090 047c 73656D5F 		.ascii	"sem_pool\000"
 2090      706F6F6C 
 2090      00
 2091              	.LASF56:
 2092 0485 63757272 		.ascii	"current\000"
 2092      656E7400 
 2093              	.LASF14:
 2094 048d 5F5F7569 		.ascii	"__uint64_t\000"
 2094      6E743634 
 2094      5F7400
 2095              	.LASF124:
 2096 0498 6D656D63 		.ascii	"memcore_t\000"
 2096      6F72655F 
 2096      7400
 2097              	.LASF24:
 2098 04a2 74726566 		.ascii	"trefs_t\000"
 2098      735F7400 
 2099              	.LASF39:
 2100 04aa 72656673 		.ascii	"refs\000"
 2100      00
 2101              	.LASF58:
 2102 04af 76697274 		.ascii	"virtual_timer_t\000"
 2102      75616C5F 
 2102      74696D65 
 2102      725F7400 
 2103              	.LASF131:
 2104 04bf 63685F64 		.ascii	"ch_dyn_element\000"
 2104      796E5F65 
 2104      6C656D65 
 2104      6E7400
 2105              	.LASF25:
 2106 04ce 74707269 		.ascii	"tprio_t\000"
 2106      6F5F7400 
 2107              	.LASF138:
 2108 04d6 6275665F 		.ascii	"buf_list\000"
 2108      6C697374 
 2108      00
 2109              	.LASF105:
 2110 04df 74687265 		.ascii	"threadsize\000"
 2110      61647369 
 2110      7A6500
 2111              	.LASF120:
 2112 04ea 5F426F6F 		.ascii	"_Bool\000"
 2112      6C00
 2113              	.LASF18:
 2114 04f0 696E7433 		.ascii	"int32_t\000"
 2114      325F7400 
 2115              	.LASF6:
 2116 04f8 756E7369 		.ascii	"unsigned char\000"
 2116      676E6564 
 2116      20636861 
ARM GAS  /tmp/ccSJpNz3.s 			page 44


 2116      7200
 2117              	.LASF106:
 2118 0506 6F66665F 		.ascii	"off_prio\000"
 2118      7072696F 
 2118      00
 2119              	.LASF111:
 2120 050f 6F66665F 		.ascii	"off_stklimit\000"
 2120      73746B6C 
 2120      696D6974 
 2120      00
 2121              	.LASF7:
 2122 051c 73686F72 		.ascii	"short int\000"
 2122      7420696E 
 2122      7400
 2123              	.LASF64:
 2124 0526 6C617374 		.ascii	"lasttime\000"
 2124      74696D65 
 2124      00
 2125              	.LASF93:
 2126 052f 65776D61 		.ascii	"ewmask\000"
 2126      736B00
 2127              	.LASF69:
 2128 0536 63685F73 		.ascii	"ch_system\000"
 2128      79737465 
 2128      6D00
 2129              	.LASF145:
 2130 0540 63685F66 		.ascii	"ch_factory\000"
 2130      6163746F 
 2130      727900
 2131              	.LASF137:
 2132 054b 6F626A5F 		.ascii	"obj_pool\000"
 2132      706F6F6C 
 2132      00
 2133              	.LASF59:
 2134 0554 63685F76 		.ascii	"ch_virtual_timer\000"
 2134      69727475 
 2134      616C5F74 
 2134      696D6572 
 2134      00
 2135              	.LASF94:
 2136 0565 63685F73 		.ascii	"ch_semaphore\000"
 2136      656D6170 
 2136      686F7265 
 2136      00
 2137              	.LASF116:
 2138 0572 6F66665F 		.ascii	"off_time\000"
 2138      74696D65 
 2138      00
 2139              	.LASF98:
 2140 057b 63685F69 		.ascii	"ch_idle_thread_wa\000"
 2140      646C655F 
 2140      74687265 
 2140      61645F77 
 2140      6100
 2141              	.LASF104:
 2142 058d 74696D65 		.ascii	"timesize\000"
 2142      73697A65 
ARM GAS  /tmp/ccSJpNz3.s 			page 45


 2142      00
 2143              	.LASF143:
 2144 0596 70697065 		.ascii	"pipe_list\000"
 2144      5F6C6973 
 2144      7400
 2145              	.LASF19:
 2146 05a0 75696E74 		.ascii	"uint32_t\000"
 2146      33325F74 
 2146      00
 2147              	.LASF92:
 2148 05a9 77746D74 		.ascii	"wtmtxp\000"
 2148      787000
 2149              	.LASF49:
 2150 05b0 63685F74 		.ascii	"ch_threads_list\000"
 2150      68726561 
 2150      64735F6C 
 2150      69737400 
 2151              	.LASF96:
 2152 05c0 6F776E65 		.ascii	"owner\000"
 2152      7200
 2153              	.LASF13:
 2154 05c6 6C6F6E67 		.ascii	"long unsigned int\000"
 2154      20756E73 
 2154      69676E65 
 2154      6420696E 
 2154      7400
 2155              	.LASF36:
 2156 05d8 77616261 		.ascii	"wabase\000"
 2156      736500
 2157              	.LASF97:
 2158 05df 63686172 		.ascii	"char\000"
 2158      00
 2159              	.LASF34:
 2160 05e4 6F6C6465 		.ascii	"older\000"
 2160      7200
 2161              	.LASF136:
 2162 05ea 6F626A5F 		.ascii	"obj_list\000"
 2162      6C697374 
 2162      00
 2163              	.LASF8:
 2164 05f3 5F5F7569 		.ascii	"__uint16_t\000"
 2164      6E743136 
 2164      5F7400
 2165              	.LASF30:
 2166 05fe 74687265 		.ascii	"thread_t\000"
 2166      61645F74 
 2166      00
 2167              	.LASF125:
 2168 0607 63685F6D 		.ascii	"ch_memcore\000"
 2168      656D636F 
 2168      726500
 2169              	.LASF73:
 2170 0612 73797374 		.ascii	"systime_t\000"
 2170      696D655F 
 2170      7400
 2171              	.LASF57:
 2172 061c 76746675 		.ascii	"vtfunc_t\000"
ARM GAS  /tmp/ccSJpNz3.s 			page 46


 2172      6E635F74 
 2172      00
 2173              	.LASF67:
 2174 0625 70616E69 		.ascii	"panic_msg\000"
 2174      635F6D73 
 2174      6700
 2175              	.LASF84:
 2176 062f 6F666673 		.ascii	"offset\000"
 2176      657400
 2177              	.LASF95:
 2178 0636 63685F6D 		.ascii	"ch_mutex\000"
 2178      75746578 
 2178      00
 2179              	.LASF109:
 2180 063f 6F66665F 		.ascii	"off_older\000"
 2180      6F6C6465 
 2180      7200
 2181              	.LASF9:
 2182 0649 73686F72 		.ascii	"short unsigned int\000"
 2182      7420756E 
 2182      7369676E 
 2182      65642069 
 2182      6E7400
 2183              	.LASF127:
 2184 065c 6F626A65 		.ascii	"object_size\000"
 2184      63745F73 
 2184      697A6500 
 2185              	.LASF103:
 2186 0668 70747273 		.ascii	"ptrsize\000"
 2186      697A6500 
 2187              	.LASF135:
 2188 0670 63685F6F 		.ascii	"ch_objects_factory\000"
 2188      626A6563 
 2188      74735F66 
 2188      6163746F 
 2188      727900
 2189              	.LASF51:
 2190 0683 74687265 		.ascii	"threads_queue_t\000"
 2190      6164735F 
 2190      71756575 
 2190      655F7400 
 2191              	.LASF126:
 2192 0693 706F6F6C 		.ascii	"pool_header\000"
 2192      5F686561 
 2192      64657200 
 2193              	.LASF110:
 2194 069f 6F66665F 		.ascii	"off_name\000"
 2194      6E616D65 
 2194      00
 2195              	.LASF79:
 2196 06a8 4D534952 		.ascii	"MSIRangeTable\000"
 2196      616E6765 
 2196      5461626C 
 2196      6500
 2197              	.LASF16:
 2198 06b6 75696E74 		.ascii	"uint8_t\000"
 2198      385F7400 
ARM GAS  /tmp/ccSJpNz3.s 			page 47


 2199              	.LASF38:
 2200 06be 666C6167 		.ascii	"flags\000"
 2200      7300
 2201              	.LASF142:
 2202 06c4 6669666F 		.ascii	"fifo_list\000"
 2202      5F6C6973 
 2202      7400
 2203              	.LASF88:
 2204 06ce 77746F62 		.ascii	"wtobjp\000"
 2204      6A7000
 2205              	.LASF47:
 2206 06d5 74687265 		.ascii	"threads_list_t\000"
 2206      6164735F 
 2206      6C697374 
 2206      5F7400
 2207              	.LASF112:
 2208 06e4 6F66665F 		.ascii	"off_state\000"
 2208      73746174 
 2208      6500
 2209              	.LASF148:
 2210 06ee 2F686F6D 		.ascii	"/home/antodom/installations/ChibiStudio/workspace_u"
 2210      652F616E 
 2210      746F646F 
 2210      6D2F696E 
 2210      7374616C 
 2211 0721 7365722F 		.ascii	"ser/RT-STM32L4R5ZI-NUCLEO144-SOFT-UART-TWO/\000"
 2211      52542D53 
 2211      544D3332 
 2211      4C345235 
 2211      5A492D4E 
 2212              	.LASF144:
 2213 074d 6F626A65 		.ascii	"objects_factory_t\000"
 2213      6374735F 
 2213      66616374 
 2213      6F72795F 
 2213      7400
 2214              	.LASF113:
 2215 075f 6F66665F 		.ascii	"off_flags\000"
 2215      666C6167 
 2215      7300
 2216              	.LASF43:
 2217 0769 6D74786C 		.ascii	"mtxlist\000"
 2217      69737400 
 2218              	.LASF122:
 2219 0771 6E657874 		.ascii	"nextmem\000"
 2219      6D656D00 
 2220              		.text
 2221              		.section	.gnu.lto_.profile.610e28a7a7048843,"",%progbits
 2222 0000 789C6367 		.ascii	"x\234cg`b`d\000\002\000\000[\000\013"
 2222      60626064 
 2222      00020000 
 2222      5B000B
 2223              		.text
 2224              		.section	.gnu.lto_.icf.610e28a7a7048843,"",%progbits
 2225 0000 789C6367 		.ascii	"x\234cg`\002Bd\000\000\000\314\000\014"
 2225      60024264 
 2225      000000CC 
ARM GAS  /tmp/ccSJpNz3.s 			page 48


 2225      000C
 2226              		.text
 2227              		.section	.gnu.lto_.jmpfuncs.610e28a7a7048843,"",%progbits
 2228 0000 789C6367 		.ascii	"x\234cg`\002Bd\000\000\000\314\000\014"
 2228      60024264 
 2228      000000CC 
 2228      000C
 2229              		.text
 2230              		.section	.gnu.lto_.inline.610e28a7a7048843,"",%progbits
 2231 0000 789C6367 		.ascii	"x\234cg`\002Bd\000\000\000\314\000\014"
 2231      60024264 
 2231      000000CC 
 2231      000C
 2232              		.text
 2233              		.section	.gnu.lto_.pureconst.610e28a7a7048843,"",%progbits
 2234 0000 789C6367 		.ascii	"x\234cg`b`d\000\002\000\000[\000\013"
 2234      60626064 
 2234      00020000 
 2234      5B000B
 2235              		.text
 2236              		.section	.gnu.lto_.symbol_nodes.610e28a7a7048843,"",%progbits
 2237 0000 789C6367 		.ascii	"x\234cg`\002B\020\000\000\000l\000\014"
 2237      60024210 
 2237      0000006C 
 2237      000C
 2238              		.text
 2239              		.section	.gnu.lto_.refs.610e28a7a7048843,"",%progbits
 2240 0000 789C6367 		.ascii	"x\234cg`b`d\000\002\000\000[\000\013"
 2240      60626064 
 2240      00020000 
 2240      5B000B
 2241              		.text
 2242              		.section	.gnu.lto_.decls.610e28a7a7048843,"",%progbits
 2243 0000 789C6367 		.ascii	"x\234cg`b\000\001F V\001\342\377@\000b_d \000\000\301"
 2243      60620001 
 2243      46205601 
 2243      E2FF4000 
 2243      625F6420 
 2244 0017 3304FD   		.ascii	"3\004\375"
 2245              		.text
 2246              		.section	.gnu.lto_.symtab.610e28a7a7048843,"",%progbits
 2247              		.text
 2248              		.section	.gnu.lto_.opts,"",%progbits
 2249 0000 272D666E 		.ascii	"'-fno-openmp' '-fno-openacc' '-fno-pie' '-mcpu=cort"
 2249      6F2D6F70 
 2249      656E6D70 
 2249      2720272D 
 2249      666E6F2D 
 2250 0033 65782D6D 		.ascii	"ex-m4' '-mthumb' '-mfloat-abi=soft' '-march=armv7e-"
 2250      34272027 
 2250      2D6D7468 
 2250      756D6227 
 2250      20272D6D 
 2251 0066 6D272027 		.ascii	"m' '-O2' '-fomit-frame-pointer' '-falign-functions="
 2251      2D4F3227 
 2251      20272D66 
 2251      6F6D6974 
ARM GAS  /tmp/ccSJpNz3.s 			page 49


 2251      2D667261 
 2252 0099 31362720 		.ascii	"16' '-ffunction-sections' '-fdata-sections' '-fno-c"
 2252      272D6666 
 2252      756E6374 
 2252      696F6E2D 
 2252      73656374 
 2253 00cc 6F6D6D6F 		.ascii	"ommon' '-flto'\000"
 2253      6E272027 
 2253      2D666C74 
 2253      6F2700
 2254              		.text
 2255              		.comm	__gnu_lto_v1,1,1
 2256              		.comm	__gnu_lto_slim,1,1
 2257              		.ident	"GCC: (GNU Tools for Arm Embedded Processors 8-2019-q3-update) 8.3.1 20190703 (release) [gc
ARM GAS  /tmp/ccSJpNz3.s 			page 50


DEFINED SYMBOLS
                            *ABS*:0000000000000000 chtrace.c
     /tmp/ccSJpNz3.s:35     .gnu.debuglto_.debug_info:0000000000000000 chtrace.c.2c512586
                            *COM*:0000000000000001 __gnu_lto_v1
                            *COM*:0000000000000001 __gnu_lto_slim

NO UNDEFINED SYMBOLS
